<?xml version="1.0" encoding="UTF-8"?>
<TestRun id="4bd949c8-c16d-4188-aab1-d2054a1154cc" name="Thais@THAIS-PC 2012-10-31 16:57:22" runUser="Thais-PC\Thais" xmlns="http://microsoft.com/schemas/VisualStudio/TeamTest/2010">
  <TestSettings name="Default Test Settings" id="e88ed003-ac8d-4e75-941a-3ee0881a8498">
    <Deployment runDeploymentRoot="Thais_THAIS-PC 2012-10-31 16_57_22">
      <DeploymentItem filename="C:\ingresso\Rastreabilidade\lib\log4net.dll" />
      <DeploymentItem filename="C:\ingresso\Rastreabilidade\workspace\Rastreabilidade\bin\Rastreabilidade.dll" />
      <DeploymentItem filename="C:\ingresso\Rastreabilidade\workspace\Rastreabilidade.Persistence.Mongo\bin\Debug\Rastreabilidade.Persistence.Mongo.dll" />
      <DeploymentItem filename="C:\ingresso\Rastreabilidade\workspace\Rastreabilidade.Entidades\bin\Debug\Rastreabilidade.Entidades.dll" />
    </Deployment>
    <Execution>
      <TestTypeSpecific />
      <AgentRule name="Execution Agents">
      </AgentRule>
    </Execution>
  </TestSettings>
  <Times creation="2012-10-31T16:57:22.5147323-02:00" queuing="2012-10-31T16:57:25.1648839-02:00" start="2012-10-31T16:57:25.2688899-02:00" finish="2012-10-31T16:58:40.1801746-02:00" />
  <ResultSummary outcome="Failed">
    <Counters total="10" executed="10" passed="8" error="0" failed="2" timeout="0" aborted="0" inconclusive="0" passedButRunAborted="0" notRunnable="0" notExecuted="0" disconnected="0" warning="0" completed="0" inProgress="0" pending="0" />
  </ResultSummary>
  <TestDefinitions>
    <UnitTest name="ExecutaBusca" storage="c:\ingresso\rastreabilidade\workspace\rastreabilidade.tests\bin\debug\rastreabilidade.tests.dll" id="7b53d40b-0422-5972-0072-a4ab7414fe73">
      <Execution id="13519ee9-f404-4000-8f0c-22aebc0b59b1" />
      <TestMethod codeBase="C:/ingresso/Rastreabilidade/workspace/Rastreabilidade.Tests/bin/Debug/Rastreabilidade.Tests.DLL" adapterTypeName="Microsoft.VisualStudio.TestTools.TestTypes.Unit.UnitTestAdapter, Microsoft.VisualStudio.QualityTools.Tips.UnitTest.Adapter, Version=10.0.0.0, Culture=neutral, PublicKeyToken=b03f5f7f11d50a3a" className="Rastreabilidade.Tests.Controllers.BuscaControllerTest, Rastreabilidade.Tests, Version=1.0.0.0, Culture=neutral, PublicKeyToken=null" name="ExecutaBusca" />
    </UnitTest>
    <UnitTest name="SalvandoEntidadeSemChave" storage="c:\ingresso\rastreabilidade\workspace\rastreabilidade.tests\bin\debug\rastreabilidade.tests.dll" id="18e043c0-d611-5ffb-718e-fd8f9df60aa2">
      <Execution id="553a75d3-7f10-45dc-a6cb-c293d9dbd36b" />
      <TestMethod codeBase="C:/ingresso/Rastreabilidade/workspace/Rastreabilidade.Tests/bin/Debug/Rastreabilidade.Tests.DLL" adapterTypeName="Microsoft.VisualStudio.TestTools.TestTypes.Unit.UnitTestAdapter, Microsoft.VisualStudio.QualityTools.Tips.UnitTest.Adapter, Version=10.0.0.0, Culture=neutral, PublicKeyToken=b03f5f7f11d50a3a" className="Rastreabilidade.Tests.Model.MongoRepositoryTest, Rastreabilidade.Tests, Version=1.0.0.0, Culture=neutral, PublicKeyToken=null" name="SalvandoEntidadeSemChave" />
    </UnitTest>
    <UnitTest name="CicloVidaModulo" storage="c:\ingresso\rastreabilidade\workspace\rastreabilidade.tests\bin\debug\rastreabilidade.tests.dll" id="eb9a1d01-bd39-9b45-dc63-85730985768f">
      <Execution id="c6441816-d777-46ff-b948-b403808da289" />
      <TestMethod codeBase="C:/ingresso/Rastreabilidade/workspace/Rastreabilidade.Tests/bin/Debug/Rastreabilidade.Tests.DLL" adapterTypeName="Microsoft.VisualStudio.TestTools.TestTypes.Unit.UnitTestAdapter, Microsoft.VisualStudio.QualityTools.Tips.UnitTest.Adapter, Version=10.0.0.0, Culture=neutral, PublicKeyToken=b03f5f7f11d50a3a" className="Rastreabilidade.Tests.Model.MongoRepositoryTest, Rastreabilidade.Tests, Version=1.0.0.0, Culture=neutral, PublicKeyToken=null" name="CicloVidaModulo" />
    </UnitTest>
    <UnitTest name="ExcecaoBuscaModuloInexistente" storage="c:\ingresso\rastreabilidade\workspace\rastreabilidade.tests\bin\debug\rastreabilidade.tests.dll" id="ce2519ba-e438-1fd4-7591-ed700a19e8a2">
      <Execution id="850c05f2-88d0-4b94-8d81-ad19fc9a3ea4" />
      <TestMethod codeBase="C:/ingresso/Rastreabilidade/workspace/Rastreabilidade.Tests/bin/Debug/Rastreabilidade.Tests.DLL" adapterTypeName="Microsoft.VisualStudio.TestTools.TestTypes.Unit.UnitTestAdapter, Microsoft.VisualStudio.QualityTools.Tips.UnitTest.Adapter, Version=10.0.0.0, Culture=neutral, PublicKeyToken=b03f5f7f11d50a3a" className="Rastreabilidade.Tests.Model.MongoRepositoryTest, Rastreabilidade.Tests, Version=1.0.0.0, Culture=neutral, PublicKeyToken=null" name="ExcecaoBuscaModuloInexistente" />
    </UnitTest>
    <UnitTest name="SaveModulo" storage="c:\ingresso\rastreabilidade\workspace\rastreabilidade.tests\bin\debug\rastreabilidade.tests.dll" id="f00948c6-5430-a8f8-cf48-5025af01f9e9">
      <Execution id="a802d043-9863-43a9-99f7-dd01cf93ee5b" />
      <TestMethod codeBase="C:/ingresso/Rastreabilidade/workspace/Rastreabilidade.Tests/bin/Debug/Rastreabilidade.Tests.DLL" adapterTypeName="Microsoft.VisualStudio.TestTools.TestTypes.Unit.UnitTestAdapter, Microsoft.VisualStudio.QualityTools.Tips.UnitTest.Adapter, Version=10.0.0.0, Culture=neutral, PublicKeyToken=b03f5f7f11d50a3a" className="Rastreabilidade.Tests.Controllers.ModuloControllerTest, Rastreabilidade.Tests, Version=1.0.0.0, Culture=neutral, PublicKeyToken=null" name="SaveModulo" />
    </UnitTest>
    <UnitTest name="SlugPreenchidoNoSetterDoNome" storage="c:\ingresso\rastreabilidade\workspace\rastreabilidade.tests\bin\debug\rastreabilidade.tests.dll" id="c2018b26-d1ca-aa30-8dda-dc026f4f9eed">
      <Execution id="e0a4f21e-75d5-4ab6-a176-48b545e776ef" />
      <TestMethod codeBase="C:/ingresso/Rastreabilidade/workspace/Rastreabilidade.Tests/bin/Debug/Rastreabilidade.Tests.DLL" adapterTypeName="Microsoft.VisualStudio.TestTools.TestTypes.Unit.UnitTestAdapter, Microsoft.VisualStudio.QualityTools.Tips.UnitTest.Adapter, Version=10.0.0.0, Culture=neutral, PublicKeyToken=b03f5f7f11d50a3a" className="Rastreabilidade.Tests.Model.ValidacaoDeDadosTest, Rastreabilidade.Tests, Version=1.0.0.0, Culture=neutral, PublicKeyToken=null" name="SlugPreenchidoNoSetterDoNome" />
    </UnitTest>
    <UnitTest name="SaveEmptyUseCase" storage="c:\ingresso\rastreabilidade\workspace\rastreabilidade.tests\bin\debug\rastreabilidade.tests.dll" id="994395ad-27b7-3a25-b7bc-d557f9784db2">
      <Execution id="0a2d7377-d791-452d-a965-d1281088f6be" />
      <TestMethod codeBase="C:/ingresso/Rastreabilidade/workspace/Rastreabilidade.Tests/bin/Debug/Rastreabilidade.Tests.DLL" adapterTypeName="Microsoft.VisualStudio.TestTools.TestTypes.Unit.UnitTestAdapter, Microsoft.VisualStudio.QualityTools.Tips.UnitTest.Adapter, Version=10.0.0.0, Culture=neutral, PublicKeyToken=b03f5f7f11d50a3a" className="Rastreabilidade.Tests.Controllers.CasoUsoControllerTest, Rastreabilidade.Tests, Version=1.0.0.0, Culture=neutral, PublicKeyToken=null" name="SaveEmptyUseCase" />
    </UnitTest>
    <UnitTest name="GetModulo" storage="c:\ingresso\rastreabilidade\workspace\rastreabilidade.tests\bin\debug\rastreabilidade.tests.dll" id="89cae443-5252-a3e8-a403-30c905e0cff8">
      <Execution id="19f01196-5853-4929-bbb6-5a39112a3877" />
      <TestMethod codeBase="C:/ingresso/Rastreabilidade/workspace/Rastreabilidade.Tests/bin/Debug/Rastreabilidade.Tests.DLL" adapterTypeName="Microsoft.VisualStudio.TestTools.TestTypes.Unit.UnitTestAdapter, Microsoft.VisualStudio.QualityTools.Tips.UnitTest.Adapter, Version=10.0.0.0, Culture=neutral, PublicKeyToken=b03f5f7f11d50a3a" className="Rastreabilidade.Tests.Controllers.ModuloControllerTest, Rastreabilidade.Tests, Version=1.0.0.0, Culture=neutral, PublicKeyToken=null" name="GetModulo" />
    </UnitTest>
    <UnitTest name="GetCasoUso" storage="c:\ingresso\rastreabilidade\workspace\rastreabilidade.tests\bin\debug\rastreabilidade.tests.dll" id="9f523e3a-b979-899a-5d38-ac739d0d9b54">
      <Execution id="607db82c-4157-40bc-8c61-7ebdc558999f" />
      <TestMethod codeBase="C:/ingresso/Rastreabilidade/workspace/Rastreabilidade.Tests/bin/Debug/Rastreabilidade.Tests.DLL" adapterTypeName="Microsoft.VisualStudio.TestTools.TestTypes.Unit.UnitTestAdapter, Microsoft.VisualStudio.QualityTools.Tips.UnitTest.Adapter, Version=10.0.0.0, Culture=neutral, PublicKeyToken=b03f5f7f11d50a3a" className="Rastreabilidade.Tests.Controllers.CasoUsoControllerTest, Rastreabilidade.Tests, Version=1.0.0.0, Culture=neutral, PublicKeyToken=null" name="GetCasoUso" />
    </UnitTest>
    <UnitTest name="SaveUseCase" storage="c:\ingresso\rastreabilidade\workspace\rastreabilidade.tests\bin\debug\rastreabilidade.tests.dll" id="3f957e4c-c763-bf61-75b2-959bd5b466d6">
      <Execution id="40f5c546-f467-4b0c-aba0-48d0a6bb79ca" />
      <TestMethod codeBase="C:/ingresso/Rastreabilidade/workspace/Rastreabilidade.Tests/bin/Debug/Rastreabilidade.Tests.DLL" adapterTypeName="Microsoft.VisualStudio.TestTools.TestTypes.Unit.UnitTestAdapter, Microsoft.VisualStudio.QualityTools.Tips.UnitTest.Adapter, Version=10.0.0.0, Culture=neutral, PublicKeyToken=b03f5f7f11d50a3a" className="Rastreabilidade.Tests.Controllers.CasoUsoControllerTest, Rastreabilidade.Tests, Version=1.0.0.0, Culture=neutral, PublicKeyToken=null" name="SaveUseCase" />
    </UnitTest>
  </TestDefinitions>
  <TestLists>
    <TestList name="Results Not in a List" id="8c84fa94-04c1-424b-9868-57a2d4851a1d" />
    <TestList name="All Loaded Results" id="19431567-8539-422a-85d7-44ee4e166bda" />
  </TestLists>
  <TestEntries>
    <TestEntry testId="18e043c0-d611-5ffb-718e-fd8f9df60aa2" executionId="553a75d3-7f10-45dc-a6cb-c293d9dbd36b" testListId="8c84fa94-04c1-424b-9868-57a2d4851a1d" />
    <TestEntry testId="3f957e4c-c763-bf61-75b2-959bd5b466d6" executionId="40f5c546-f467-4b0c-aba0-48d0a6bb79ca" testListId="8c84fa94-04c1-424b-9868-57a2d4851a1d" />
    <TestEntry testId="7b53d40b-0422-5972-0072-a4ab7414fe73" executionId="13519ee9-f404-4000-8f0c-22aebc0b59b1" testListId="8c84fa94-04c1-424b-9868-57a2d4851a1d" />
    <TestEntry testId="89cae443-5252-a3e8-a403-30c905e0cff8" executionId="19f01196-5853-4929-bbb6-5a39112a3877" testListId="8c84fa94-04c1-424b-9868-57a2d4851a1d" />
    <TestEntry testId="994395ad-27b7-3a25-b7bc-d557f9784db2" executionId="0a2d7377-d791-452d-a965-d1281088f6be" testListId="8c84fa94-04c1-424b-9868-57a2d4851a1d" />
    <TestEntry testId="9f523e3a-b979-899a-5d38-ac739d0d9b54" executionId="607db82c-4157-40bc-8c61-7ebdc558999f" testListId="8c84fa94-04c1-424b-9868-57a2d4851a1d" />
    <TestEntry testId="c2018b26-d1ca-aa30-8dda-dc026f4f9eed" executionId="e0a4f21e-75d5-4ab6-a176-48b545e776ef" testListId="8c84fa94-04c1-424b-9868-57a2d4851a1d" />
    <TestEntry testId="ce2519ba-e438-1fd4-7591-ed700a19e8a2" executionId="850c05f2-88d0-4b94-8d81-ad19fc9a3ea4" testListId="8c84fa94-04c1-424b-9868-57a2d4851a1d" />
    <TestEntry testId="eb9a1d01-bd39-9b45-dc63-85730985768f" executionId="c6441816-d777-46ff-b948-b403808da289" testListId="8c84fa94-04c1-424b-9868-57a2d4851a1d" />
    <TestEntry testId="f00948c6-5430-a8f8-cf48-5025af01f9e9" executionId="a802d043-9863-43a9-99f7-dd01cf93ee5b" testListId="8c84fa94-04c1-424b-9868-57a2d4851a1d" />
  </TestEntries>
  <Results>
    <UnitTestResult executionId="553a75d3-7f10-45dc-a6cb-c293d9dbd36b" testId="18e043c0-d611-5ffb-718e-fd8f9df60aa2" testName="SalvandoEntidadeSemChave" computerName="THAIS-PC" duration="00:01:08.6091108" startTime="2012-10-31T16:57:25.3188927-02:00" endTime="2012-10-31T16:58:35.2638934-02:00" testType="13cdc9d9-ddb5-4fa4-a97d-d965ccfc6d4b" outcome="Passed" testListId="8c84fa94-04c1-424b-9868-57a2d4851a1d" relativeResultsDirectory="553a75d3-7f10-45dc-a6cb-c293d9dbd36b">
    </UnitTestResult>
    <UnitTestResult executionId="40f5c546-f467-4b0c-aba0-48d0a6bb79ca" testId="3f957e4c-c763-bf61-75b2-959bd5b466d6" testName="SaveUseCase" computerName="THAIS-PC" duration="00:00:00.2161099" startTime="2012-10-31T16:58:35.2768941-02:00" endTime="2012-10-31T16:58:35.5019070-02:00" testType="13cdc9d9-ddb5-4fa4-a97d-d965ccfc6d4b" outcome="Passed" testListId="8c84fa94-04c1-424b-9868-57a2d4851a1d" relativeResultsDirectory="40f5c546-f467-4b0c-aba0-48d0a6bb79ca">
    </UnitTestResult>
    <UnitTestResult executionId="13519ee9-f404-4000-8f0c-22aebc0b59b1" testId="7b53d40b-0422-5972-0072-a4ab7414fe73" testName="ExecutaBusca" computerName="THAIS-PC" duration="00:00:00.0047310" startTime="2012-10-31T16:58:35.5089074-02:00" endTime="2012-10-31T16:58:35.5189079-02:00" testType="13cdc9d9-ddb5-4fa4-a97d-d965ccfc6d4b" outcome="Passed" testListId="8c84fa94-04c1-424b-9868-57a2d4851a1d" relativeResultsDirectory="13519ee9-f404-4000-8f0c-22aebc0b59b1">
    </UnitTestResult>
    <UnitTestResult executionId="19f01196-5853-4929-bbb6-5a39112a3877" testId="89cae443-5252-a3e8-a403-30c905e0cff8" testName="GetModulo" computerName="THAIS-PC" duration="00:00:00.0027943" startTime="2012-10-31T16:58:35.5269084-02:00" endTime="2012-10-31T16:58:35.5379090-02:00" testType="13cdc9d9-ddb5-4fa4-a97d-d965ccfc6d4b" outcome="Passed" testListId="8c84fa94-04c1-424b-9868-57a2d4851a1d" relativeResultsDirectory="19f01196-5853-4929-bbb6-5a39112a3877">
    </UnitTestResult>
    <UnitTestResult executionId="0a2d7377-d791-452d-a965-d1281088f6be" testId="994395ad-27b7-3a25-b7bc-d557f9784db2" testName="SaveEmptyUseCase" computerName="THAIS-PC" duration="00:00:00.0171710" startTime="2012-10-31T16:58:35.5449094-02:00" endTime="2012-10-31T16:58:35.5669107-02:00" testType="13cdc9d9-ddb5-4fa4-a97d-d965ccfc6d4b" outcome="Passed" testListId="8c84fa94-04c1-424b-9868-57a2d4851a1d" relativeResultsDirectory="0a2d7377-d791-452d-a965-d1281088f6be">
    </UnitTestResult>
    <UnitTestResult executionId="607db82c-4157-40bc-8c61-7ebdc558999f" testId="9f523e3a-b979-899a-5d38-ac739d0d9b54" testName="GetCasoUso" computerName="THAIS-PC" duration="00:00:00.0039846" startTime="2012-10-31T16:58:35.5739111-02:00" endTime="2012-10-31T16:58:35.5839117-02:00" testType="13cdc9d9-ddb5-4fa4-a97d-d965ccfc6d4b" outcome="Passed" testListId="8c84fa94-04c1-424b-9868-57a2d4851a1d" relativeResultsDirectory="607db82c-4157-40bc-8c61-7ebdc558999f">
    </UnitTestResult>
    <UnitTestResult executionId="e0a4f21e-75d5-4ab6-a176-48b545e776ef" testId="c2018b26-d1ca-aa30-8dda-dc026f4f9eed" testName="SlugPreenchidoNoSetterDoNome" computerName="THAIS-PC" duration="00:00:00.0006069" startTime="2012-10-31T16:58:35.5899120-02:00" endTime="2012-10-31T16:58:35.5949123-02:00" testType="13cdc9d9-ddb5-4fa4-a97d-d965ccfc6d4b" outcome="Passed" testListId="8c84fa94-04c1-424b-9868-57a2d4851a1d" relativeResultsDirectory="e0a4f21e-75d5-4ab6-a176-48b545e776ef">
    </UnitTestResult>
    <UnitTestResult executionId="850c05f2-88d0-4b94-8d81-ad19fc9a3ea4" testId="ce2519ba-e438-1fd4-7591-ed700a19e8a2" testName="ExcecaoBuscaModuloInexistente" computerName="THAIS-PC" duration="00:00:00.9104018" startTime="2012-10-31T16:58:35.6019127-02:00" endTime="2012-10-31T16:58:36.5179651-02:00" testType="13cdc9d9-ddb5-4fa4-a97d-d965ccfc6d4b" outcome="Passed" testListId="8c84fa94-04c1-424b-9868-57a2d4851a1d" relativeResultsDirectory="850c05f2-88d0-4b94-8d81-ad19fc9a3ea4">
    </UnitTestResult>
    <UnitTestResult executionId="c6441816-d777-46ff-b948-b403808da289" testId="eb9a1d01-bd39-9b45-dc63-85730985768f" testName="CicloVidaModulo" computerName="THAIS-PC" duration="00:00:01.3075037" startTime="2012-10-31T16:58:36.5439666-02:00" endTime="2012-10-31T16:58:37.8590418-02:00" testType="13cdc9d9-ddb5-4fa4-a97d-d965ccfc6d4b" outcome="Failed" testListId="8c84fa94-04c1-424b-9868-57a2d4851a1d" relativeResultsDirectory="c6441816-d777-46ff-b948-b403808da289">
      <Output>
        <ErrorInfo>
          <Message>Test method Rastreabilidade.Tests.Model.MongoRepositoryTest.CicloVidaModulo threw exception: 
System.InvalidCastException: Não é possível converter um objeto do tipo 'System.Collections.Generic.List`1[Rastreabilidade.Entidades.Tabela]' no tipo 'Rastreabilidade.Entidades.Modulo'.</Message>
          <StackTrace>    em Rastreabilidade.Persistence.Mongo.MongoRepository`1.Delete(Object key) na C:\ingresso\Rastreabilidade\workspace\Rastreabilidade.Persistence.Mongo\MongoRepository.cs:linha 87
   em Rastreabilidade.Tests.Model.MongoRepositoryTest.CicloVidaModulo() na C:\ingresso\Rastreabilidade\workspace\Rastreabilidade.Tests\Model\MongoRepositoryTest.cs:linha 63
</StackTrace>
        </ErrorInfo>
      </Output>
    </UnitTestResult>
    <UnitTestResult executionId="a802d043-9863-43a9-99f7-dd01cf93ee5b" testId="f00948c6-5430-a8f8-cf48-5025af01f9e9" testName="SaveModulo" computerName="THAIS-PC" duration="00:00:02.1461084" startTime="2012-10-31T16:58:37.8730426-02:00" endTime="2012-10-31T16:58:40.0491671-02:00" testType="13cdc9d9-ddb5-4fa4-a97d-d965ccfc6d4b" outcome="Failed" testListId="8c84fa94-04c1-424b-9868-57a2d4851a1d" relativeResultsDirectory="a802d043-9863-43a9-99f7-dd01cf93ee5b">
      <Output>
        <ErrorInfo>
          <Message>Test method Rastreabilidade.Tests.Controllers.ModuloControllerTest.SaveModulo threw exception: 
System.NullReferenceException: Referência de objeto não definida para uma instância de um objeto.</Message>
          <StackTrace>    em Rastreabilidade.Tests.Controllers.ModuloControllerTest.SaveModulo() na C:\ingresso\Rastreabilidade\workspace\Rastreabilidade.Tests\Controllers\ModuloControllerTest.cs:linha 45
</StackTrace>
        </ErrorInfo>
      </Output>
    </UnitTestResult>
  </Results>
</TestRun>