<?xml version="1.0" encoding="UTF-8"?>
<TestRun id="f80d9a83-211c-4797-b4a1-e40aeaead0df" name="Thais@THAIS-PC 2012-10-31 17:56:07" runUser="Thais-PC\Thais" xmlns="http://microsoft.com/schemas/VisualStudio/TeamTest/2010">
  <TestSettings name="Default Test Settings" id="53e496a7-2d9b-44ce-9a8b-b52e1d3dd5e1">
    <Deployment runDeploymentRoot="Thais_THAIS-PC 2012-10-31 17_56_07">
      <DeploymentItem filename="C:\ingresso\Rastreabilidade\lib\log4net.dll" />
      <DeploymentItem filename="C:\ingresso\Rastreabilidade\workspace\Rastreabilidade\bin\Rastreabilidade.dll" />
      <DeploymentItem filename="C:\ingresso\Rastreabilidade\workspace\Rastreabilidade.Persistence.Mongo\bin\Debug\Rastreabilidade.Persistence.Mongo.dll" />
      <DeploymentItem filename="C:\ingresso\Rastreabilidade\workspace\Rastreabilidade.Entidades\bin\Debug\Rastreabilidade.Entidades.dll" />
    </Deployment>
    <Execution>
      <TestTypeSpecific />
      <AgentRule name="Execution Agents">
      </AgentRule>
    </Execution>
  </TestSettings>
  <Times creation="2012-10-31T17:56:07.5143508-02:00" queuing="2012-10-31T17:56:10.5175226-02:00" start="2012-10-31T17:56:10.7075334-02:00" finish="2012-10-31T18:00:59.2810389-02:00" />
  <ResultSummary outcome="Failed">
    <Counters total="12" executed="12" passed="8" error="0" failed="4" timeout="0" aborted="0" inconclusive="0" passedButRunAborted="0" notRunnable="0" notExecuted="0" disconnected="0" warning="0" completed="0" inProgress="0" pending="0" />
  </ResultSummary>
  <TestDefinitions>
    <UnitTest name="ExecutaBusca" storage="c:\ingresso\rastreabilidade\workspace\rastreabilidade.tests\bin\debug\rastreabilidade.tests.dll" id="7b53d40b-0422-5972-0072-a4ab7414fe73">
      <Execution id="bb4a56e4-77bb-4059-9198-0ae8aadc80ca" />
      <TestMethod codeBase="C:/ingresso/Rastreabilidade/workspace/Rastreabilidade.Tests/bin/Debug/Rastreabilidade.Tests.DLL" adapterTypeName="Microsoft.VisualStudio.TestTools.TestTypes.Unit.UnitTestAdapter, Microsoft.VisualStudio.QualityTools.Tips.UnitTest.Adapter, Version=10.0.0.0, Culture=neutral, PublicKeyToken=b03f5f7f11d50a3a" className="Rastreabilidade.Tests.Controllers.BuscaControllerTest, Rastreabilidade.Tests, Version=1.0.0.0, Culture=neutral, PublicKeyToken=null" name="ExecutaBusca" />
    </UnitTest>
    <UnitTest name="SalvandoEntidadeSemChave" storage="c:\ingresso\rastreabilidade\workspace\rastreabilidade.tests\bin\debug\rastreabilidade.tests.dll" id="18e043c0-d611-5ffb-718e-fd8f9df60aa2">
      <Execution id="753ce7e5-19e2-4013-8c81-16eed9433933" />
      <TestMethod codeBase="C:/ingresso/Rastreabilidade/workspace/Rastreabilidade.Tests/bin/Debug/Rastreabilidade.Tests.DLL" adapterTypeName="Microsoft.VisualStudio.TestTools.TestTypes.Unit.UnitTestAdapter, Microsoft.VisualStudio.QualityTools.Tips.UnitTest.Adapter, Version=10.0.0.0, Culture=neutral, PublicKeyToken=b03f5f7f11d50a3a" className="Rastreabilidade.Tests.Model.MongoRepositoryTest, Rastreabilidade.Tests, Version=1.0.0.0, Culture=neutral, PublicKeyToken=null" name="SalvandoEntidadeSemChave" />
    </UnitTest>
    <UnitTest name="EditSaveModulo" storage="c:\ingresso\rastreabilidade\workspace\rastreabilidade.tests\bin\debug\rastreabilidade.tests.dll" id="9f4b8cad-2f86-f993-657e-56a2f617d55d">
      <Execution id="59bb744d-1086-47ce-8203-faf08ae76a6c" />
      <TestMethod codeBase="C:/ingresso/Rastreabilidade/workspace/Rastreabilidade.Tests/bin/Debug/Rastreabilidade.Tests.DLL" adapterTypeName="Microsoft.VisualStudio.TestTools.TestTypes.Unit.UnitTestAdapter, Microsoft.VisualStudio.QualityTools.Tips.UnitTest.Adapter, Version=10.0.0.0, Culture=neutral, PublicKeyToken=b03f5f7f11d50a3a" className="Rastreabilidade.Tests.Controllers.ModuloControllerTest, Rastreabilidade.Tests, Version=1.0.0.0, Culture=neutral, PublicKeyToken=null" name="EditSaveModulo" />
    </UnitTest>
    <UnitTest name="ExcecaoBuscaModuloInexistente" storage="c:\ingresso\rastreabilidade\workspace\rastreabilidade.tests\bin\debug\rastreabilidade.tests.dll" id="ce2519ba-e438-1fd4-7591-ed700a19e8a2">
      <Execution id="09e37bc7-9317-412b-8d97-e5d6fd403f2e" />
      <TestMethod codeBase="C:/ingresso/Rastreabilidade/workspace/Rastreabilidade.Tests/bin/Debug/Rastreabilidade.Tests.DLL" adapterTypeName="Microsoft.VisualStudio.TestTools.TestTypes.Unit.UnitTestAdapter, Microsoft.VisualStudio.QualityTools.Tips.UnitTest.Adapter, Version=10.0.0.0, Culture=neutral, PublicKeyToken=b03f5f7f11d50a3a" className="Rastreabilidade.Tests.Model.MongoRepositoryTest, Rastreabilidade.Tests, Version=1.0.0.0, Culture=neutral, PublicKeyToken=null" name="ExcecaoBuscaModuloInexistente" />
    </UnitTest>
    <UnitTest name="DeleteModulo" storage="c:\ingresso\rastreabilidade\workspace\rastreabilidade.tests\bin\debug\rastreabilidade.tests.dll" id="28f9136f-51fe-9598-a261-8a1fe5bc3b35">
      <Execution id="15bd3618-3811-4ec1-b573-9ad62dd6d989" />
      <TestMethod codeBase="C:/ingresso/Rastreabilidade/workspace/Rastreabilidade.Tests/bin/Debug/Rastreabilidade.Tests.DLL" adapterTypeName="Microsoft.VisualStudio.TestTools.TestTypes.Unit.UnitTestAdapter, Microsoft.VisualStudio.QualityTools.Tips.UnitTest.Adapter, Version=10.0.0.0, Culture=neutral, PublicKeyToken=b03f5f7f11d50a3a" className="Rastreabilidade.Tests.Controllers.ModuloControllerTest, Rastreabilidade.Tests, Version=1.0.0.0, Culture=neutral, PublicKeyToken=null" name="DeleteModulo" />
    </UnitTest>
    <UnitTest name="SlugPreenchidoNoSetterDoNome" storage="c:\ingresso\rastreabilidade\workspace\rastreabilidade.tests\bin\debug\rastreabilidade.tests.dll" id="c2018b26-d1ca-aa30-8dda-dc026f4f9eed">
      <Execution id="8a8b29a1-556b-4220-aeea-62f82a8c994e" />
      <TestMethod codeBase="C:/ingresso/Rastreabilidade/workspace/Rastreabilidade.Tests/bin/Debug/Rastreabilidade.Tests.DLL" adapterTypeName="Microsoft.VisualStudio.TestTools.TestTypes.Unit.UnitTestAdapter, Microsoft.VisualStudio.QualityTools.Tips.UnitTest.Adapter, Version=10.0.0.0, Culture=neutral, PublicKeyToken=b03f5f7f11d50a3a" className="Rastreabilidade.Tests.Model.ValidacaoDeDadosTest, Rastreabilidade.Tests, Version=1.0.0.0, Culture=neutral, PublicKeyToken=null" name="SlugPreenchidoNoSetterDoNome" />
    </UnitTest>
    <UnitTest name="SaveEmptyUseCase" storage="c:\ingresso\rastreabilidade\workspace\rastreabilidade.tests\bin\debug\rastreabilidade.tests.dll" id="994395ad-27b7-3a25-b7bc-d557f9784db2">
      <Execution id="143a73f6-e0c5-444b-8e5c-ec7cc46dfa8b" />
      <TestMethod codeBase="C:/ingresso/Rastreabilidade/workspace/Rastreabilidade.Tests/bin/Debug/Rastreabilidade.Tests.DLL" adapterTypeName="Microsoft.VisualStudio.TestTools.TestTypes.Unit.UnitTestAdapter, Microsoft.VisualStudio.QualityTools.Tips.UnitTest.Adapter, Version=10.0.0.0, Culture=neutral, PublicKeyToken=b03f5f7f11d50a3a" className="Rastreabilidade.Tests.Controllers.CasoUsoControllerTest, Rastreabilidade.Tests, Version=1.0.0.0, Culture=neutral, PublicKeyToken=null" name="SaveEmptyUseCase" />
    </UnitTest>
    <UnitTest name="GetModulo" storage="c:\ingresso\rastreabilidade\workspace\rastreabilidade.tests\bin\debug\rastreabilidade.tests.dll" id="89cae443-5252-a3e8-a403-30c905e0cff8">
      <Execution id="7e58b029-d160-47a1-9719-1fef16a1eae3" />
      <TestMethod codeBase="C:/ingresso/Rastreabilidade/workspace/Rastreabilidade.Tests/bin/Debug/Rastreabilidade.Tests.DLL" adapterTypeName="Microsoft.VisualStudio.TestTools.TestTypes.Unit.UnitTestAdapter, Microsoft.VisualStudio.QualityTools.Tips.UnitTest.Adapter, Version=10.0.0.0, Culture=neutral, PublicKeyToken=b03f5f7f11d50a3a" className="Rastreabilidade.Tests.Controllers.ModuloControllerTest, Rastreabilidade.Tests, Version=1.0.0.0, Culture=neutral, PublicKeyToken=null" name="GetModulo" />
    </UnitTest>
    <UnitTest name="GetCasoUso" storage="c:\ingresso\rastreabilidade\workspace\rastreabilidade.tests\bin\debug\rastreabilidade.tests.dll" id="9f523e3a-b979-899a-5d38-ac739d0d9b54">
      <Execution id="a662725c-1544-4984-ad7b-34a163fb5546" />
      <TestMethod codeBase="C:/ingresso/Rastreabilidade/workspace/Rastreabilidade.Tests/bin/Debug/Rastreabilidade.Tests.DLL" adapterTypeName="Microsoft.VisualStudio.TestTools.TestTypes.Unit.UnitTestAdapter, Microsoft.VisualStudio.QualityTools.Tips.UnitTest.Adapter, Version=10.0.0.0, Culture=neutral, PublicKeyToken=b03f5f7f11d50a3a" className="Rastreabilidade.Tests.Controllers.CasoUsoControllerTest, Rastreabilidade.Tests, Version=1.0.0.0, Culture=neutral, PublicKeyToken=null" name="GetCasoUso" />
    </UnitTest>
    <UnitTest name="CicloVidaModulo" storage="c:\ingresso\rastreabilidade\workspace\rastreabilidade.tests\bin\debug\rastreabilidade.tests.dll" id="eb9a1d01-bd39-9b45-dc63-85730985768f">
      <Execution id="7344387f-fe03-4e81-86fd-a32a61718153" />
      <TestMethod codeBase="C:/ingresso/Rastreabilidade/workspace/Rastreabilidade.Tests/bin/Debug/Rastreabilidade.Tests.DLL" adapterTypeName="Microsoft.VisualStudio.TestTools.TestTypes.Unit.UnitTestAdapter, Microsoft.VisualStudio.QualityTools.Tips.UnitTest.Adapter, Version=10.0.0.0, Culture=neutral, PublicKeyToken=b03f5f7f11d50a3a" className="Rastreabilidade.Tests.Model.MongoRepositoryTest, Rastreabilidade.Tests, Version=1.0.0.0, Culture=neutral, PublicKeyToken=null" name="CicloVidaModulo" />
    </UnitTest>
    <UnitTest name="NewSaveModulo" storage="c:\ingresso\rastreabilidade\workspace\rastreabilidade.tests\bin\debug\rastreabilidade.tests.dll" id="f3dcc5ab-2116-c39d-f36b-65d708f2731b">
      <Execution id="23863247-5180-4eaa-8235-c30160dcbcaa" />
      <TestMethod codeBase="C:/ingresso/Rastreabilidade/workspace/Rastreabilidade.Tests/bin/Debug/Rastreabilidade.Tests.DLL" adapterTypeName="Microsoft.VisualStudio.TestTools.TestTypes.Unit.UnitTestAdapter, Microsoft.VisualStudio.QualityTools.Tips.UnitTest.Adapter, Version=10.0.0.0, Culture=neutral, PublicKeyToken=b03f5f7f11d50a3a" className="Rastreabilidade.Tests.Controllers.ModuloControllerTest, Rastreabilidade.Tests, Version=1.0.0.0, Culture=neutral, PublicKeyToken=null" name="NewSaveModulo" />
    </UnitTest>
    <UnitTest name="SaveUseCase" storage="c:\ingresso\rastreabilidade\workspace\rastreabilidade.tests\bin\debug\rastreabilidade.tests.dll" id="3f957e4c-c763-bf61-75b2-959bd5b466d6">
      <Execution id="2619f0f5-2486-4c5e-9390-a2ecd7b90055" />
      <TestMethod codeBase="C:/ingresso/Rastreabilidade/workspace/Rastreabilidade.Tests/bin/Debug/Rastreabilidade.Tests.DLL" adapterTypeName="Microsoft.VisualStudio.TestTools.TestTypes.Unit.UnitTestAdapter, Microsoft.VisualStudio.QualityTools.Tips.UnitTest.Adapter, Version=10.0.0.0, Culture=neutral, PublicKeyToken=b03f5f7f11d50a3a" className="Rastreabilidade.Tests.Controllers.CasoUsoControllerTest, Rastreabilidade.Tests, Version=1.0.0.0, Culture=neutral, PublicKeyToken=null" name="SaveUseCase" />
    </UnitTest>
  </TestDefinitions>
  <TestLists>
    <TestList name="Results Not in a List" id="8c84fa94-04c1-424b-9868-57a2d4851a1d" />
    <TestList name="All Loaded Results" id="19431567-8539-422a-85d7-44ee4e166bda" />
  </TestLists>
  <TestEntries>
    <TestEntry testId="18e043c0-d611-5ffb-718e-fd8f9df60aa2" executionId="753ce7e5-19e2-4013-8c81-16eed9433933" testListId="8c84fa94-04c1-424b-9868-57a2d4851a1d" />
    <TestEntry testId="28f9136f-51fe-9598-a261-8a1fe5bc3b35" executionId="15bd3618-3811-4ec1-b573-9ad62dd6d989" testListId="8c84fa94-04c1-424b-9868-57a2d4851a1d" />
    <TestEntry testId="3f957e4c-c763-bf61-75b2-959bd5b466d6" executionId="2619f0f5-2486-4c5e-9390-a2ecd7b90055" testListId="8c84fa94-04c1-424b-9868-57a2d4851a1d" />
    <TestEntry testId="7b53d40b-0422-5972-0072-a4ab7414fe73" executionId="bb4a56e4-77bb-4059-9198-0ae8aadc80ca" testListId="8c84fa94-04c1-424b-9868-57a2d4851a1d" />
    <TestEntry testId="89cae443-5252-a3e8-a403-30c905e0cff8" executionId="7e58b029-d160-47a1-9719-1fef16a1eae3" testListId="8c84fa94-04c1-424b-9868-57a2d4851a1d" />
    <TestEntry testId="994395ad-27b7-3a25-b7bc-d557f9784db2" executionId="143a73f6-e0c5-444b-8e5c-ec7cc46dfa8b" testListId="8c84fa94-04c1-424b-9868-57a2d4851a1d" />
    <TestEntry testId="9f4b8cad-2f86-f993-657e-56a2f617d55d" executionId="59bb744d-1086-47ce-8203-faf08ae76a6c" testListId="8c84fa94-04c1-424b-9868-57a2d4851a1d" />
    <TestEntry testId="9f523e3a-b979-899a-5d38-ac739d0d9b54" executionId="a662725c-1544-4984-ad7b-34a163fb5546" testListId="8c84fa94-04c1-424b-9868-57a2d4851a1d" />
    <TestEntry testId="c2018b26-d1ca-aa30-8dda-dc026f4f9eed" executionId="8a8b29a1-556b-4220-aeea-62f82a8c994e" testListId="8c84fa94-04c1-424b-9868-57a2d4851a1d" />
    <TestEntry testId="ce2519ba-e438-1fd4-7591-ed700a19e8a2" executionId="09e37bc7-9317-412b-8d97-e5d6fd403f2e" testListId="8c84fa94-04c1-424b-9868-57a2d4851a1d" />
    <TestEntry testId="eb9a1d01-bd39-9b45-dc63-85730985768f" executionId="7344387f-fe03-4e81-86fd-a32a61718153" testListId="8c84fa94-04c1-424b-9868-57a2d4851a1d" />
    <TestEntry testId="f3dcc5ab-2116-c39d-f36b-65d708f2731b" executionId="23863247-5180-4eaa-8235-c30160dcbcaa" testListId="8c84fa94-04c1-424b-9868-57a2d4851a1d" />
  </TestEntries>
  <Results>
    <UnitTestResult executionId="753ce7e5-19e2-4013-8c81-16eed9433933" testId="18e043c0-d611-5ffb-718e-fd8f9df60aa2" testName="SalvandoEntidadeSemChave" computerName="THAIS-PC" duration="00:00:45.2990976" startTime="2012-10-31T17:56:10.9215457-02:00" endTime="2012-10-31T17:56:58.0492412-02:00" testType="13cdc9d9-ddb5-4fa4-a97d-d965ccfc6d4b" outcome="Passed" testListId="8c84fa94-04c1-424b-9868-57a2d4851a1d" relativeResultsDirectory="753ce7e5-19e2-4013-8c81-16eed9433933">
    </UnitTestResult>
    <UnitTestResult executionId="15bd3618-3811-4ec1-b573-9ad62dd6d989" testId="28f9136f-51fe-9598-a261-8a1fe5bc3b35" testName="DeleteModulo" computerName="THAIS-PC" duration="00:00:06.7183030" startTime="2012-10-31T17:56:58.0652421-02:00" endTime="2012-10-31T17:57:04.7936270-02:00" testType="13cdc9d9-ddb5-4fa4-a97d-d965ccfc6d4b" outcome="Failed" testListId="8c84fa94-04c1-424b-9868-57a2d4851a1d" relativeResultsDirectory="15bd3618-3811-4ec1-b573-9ad62dd6d989">
      <Output>
        <StdErr>log4net:ERROR Failed to initialize configuration file watcher for file [C:\ingresso\Rastreabilidade\workspace\TestResults\Thais_THAIS-PC 2012-10-31 17_56_07\Out\Config\Log.config]
System.ArgumentException: O nome de diretório C:\ingresso\Rastreabilidade\workspace\TestResults\Thais_THAIS-PC 2012-10-31 17_56_07\Out\Config é inválido.
   em System.IO.FileSystemWatcher.set_Path(String value)
   em log4net.Config.XmlConfigurator.ConfigureAndWatchHandler..ctor(ILoggerRepository repository, FileInfo configFile)
   em log4net.Config.XmlConfigurator.InternalConfigureAndWatch(ILoggerRepository repository, FileInfo configFile)</StdErr>
        <DebugTrace>log4net:ERROR Failed to initialize configuration file watcher for file [C:\ingresso\Rastreabilidade\workspace\TestResults\Thais_THAIS-PC 2012-10-31 17_56_07\Out\Config\Log.config]
System.ArgumentException: O nome de diretório C:\ingresso\Rastreabilidade\workspace\TestResults\Thais_THAIS-PC 2012-10-31 17_56_07\Out\Config é inválido.
   em System.IO.FileSystemWatcher.set_Path(String value)
   em log4net.Config.XmlConfigurator.ConfigureAndWatchHandler..ctor(ILoggerRepository repository, FileInfo configFile)
   em log4net.Config.XmlConfigurator.InternalConfigureAndWatch(ILoggerRepository repository, FileInfo configFile)
</DebugTrace>
        <ErrorInfo>
          <Message>Test method Rastreabilidade.Tests.Controllers.ModuloControllerTest.DeleteModulo threw exception: 
System.NotImplementedException: O método ou a operação não está implementada.</Message>
          <StackTrace>    em Rastreabilidade.Tests.Controllers.ModuloRepositoryMock.Delete(Object key) na C:\ingresso\Rastreabilidade\workspace\Rastreabilidade.Tests\Controllers\ModuloControllerTest.cs:linha 123
   em Rastreabilidade.Controllers.ModuloController.Delete(String id) na C:\ingresso\Rastreabilidade\workspace\Rastreabilidade\Controllers\ModuloController.cs:linha 50
   em Rastreabilidade.Tests.Controllers.ModuloControllerTest.DeleteModulo() na C:\ingresso\Rastreabilidade\workspace\Rastreabilidade.Tests\Controllers\ModuloControllerTest.cs:linha 86
</StackTrace>
        </ErrorInfo>
      </Output>
    </UnitTestResult>
    <UnitTestResult executionId="2619f0f5-2486-4c5e-9390-a2ecd7b90055" testId="3f957e4c-c763-bf61-75b2-959bd5b466d6" testName="SaveUseCase" computerName="THAIS-PC" duration="00:00:00.0693141" startTime="2012-10-31T17:57:04.8126281-02:00" endTime="2012-10-31T17:57:04.8906325-02:00" testType="13cdc9d9-ddb5-4fa4-a97d-d965ccfc6d4b" outcome="Passed" testListId="8c84fa94-04c1-424b-9868-57a2d4851a1d" relativeResultsDirectory="2619f0f5-2486-4c5e-9390-a2ecd7b90055">
    </UnitTestResult>
    <UnitTestResult executionId="bb4a56e4-77bb-4059-9198-0ae8aadc80ca" testId="7b53d40b-0422-5972-0072-a4ab7414fe73" testName="ExecutaBusca" computerName="THAIS-PC" duration="00:00:00.0047297" startTime="2012-10-31T17:57:04.8986330-02:00" endTime="2012-10-31T17:57:04.9086336-02:00" testType="13cdc9d9-ddb5-4fa4-a97d-d965ccfc6d4b" outcome="Passed" testListId="8c84fa94-04c1-424b-9868-57a2d4851a1d" relativeResultsDirectory="bb4a56e4-77bb-4059-9198-0ae8aadc80ca">
    </UnitTestResult>
    <UnitTestResult executionId="7e58b029-d160-47a1-9719-1fef16a1eae3" testId="89cae443-5252-a3e8-a403-30c905e0cff8" testName="GetModulo" computerName="THAIS-PC" duration="00:00:00.0010158" startTime="2012-10-31T17:57:04.9196342-02:00" endTime="2012-10-31T17:57:04.9276346-02:00" testType="13cdc9d9-ddb5-4fa4-a97d-d965ccfc6d4b" outcome="Passed" testListId="8c84fa94-04c1-424b-9868-57a2d4851a1d" relativeResultsDirectory="7e58b029-d160-47a1-9719-1fef16a1eae3">
    </UnitTestResult>
    <UnitTestResult executionId="143a73f6-e0c5-444b-8e5c-ec7cc46dfa8b" testId="994395ad-27b7-3a25-b7bc-d557f9784db2" testName="SaveEmptyUseCase" computerName="THAIS-PC" duration="00:00:00.0188994" startTime="2012-10-31T17:57:04.9416354-02:00" endTime="2012-10-31T17:57:04.9676369-02:00" testType="13cdc9d9-ddb5-4fa4-a97d-d965ccfc6d4b" outcome="Passed" testListId="8c84fa94-04c1-424b-9868-57a2d4851a1d" relativeResultsDirectory="143a73f6-e0c5-444b-8e5c-ec7cc46dfa8b">
    </UnitTestResult>
    <UnitTestResult executionId="59bb744d-1086-47ce-8203-faf08ae76a6c" testId="9f4b8cad-2f86-f993-657e-56a2f617d55d" testName="EditSaveModulo" computerName="THAIS-PC" duration="00:01:19.7590413" startTime="2012-10-31T17:57:04.9746373-02:00" endTime="2012-10-31T17:58:24.7401997-02:00" testType="13cdc9d9-ddb5-4fa4-a97d-d965ccfc6d4b" outcome="Failed" testListId="8c84fa94-04c1-424b-9868-57a2d4851a1d" relativeResultsDirectory="59bb744d-1086-47ce-8203-faf08ae76a6c">
      <Output>
        <ErrorInfo>
          <Message>Test method Rastreabilidade.Tests.Controllers.ModuloControllerTest.EditSaveModulo threw exception: 
Rastreabilidade.Entidades.Persistence.EntityNotFoundException: Exceção do tipo 'Rastreabilidade.Entidades.Persistence.EntityNotFoundException' foi acionada.</Message>
          <StackTrace>    em Rastreabilidade.Persistence.Mongo.MongoRepository`1.Single(Object key) na C:\ingresso\Rastreabilidade\workspace\Rastreabilidade.Persistence.Mongo\MongoRepository.cs:linha 40
   em Rastreabilidade.Tests.Controllers.ModuloControllerTest.EditSaveModulo() na C:\ingresso\Rastreabilidade\workspace\Rastreabilidade.Tests\Controllers\ModuloControllerTest.cs:linha 73
</StackTrace>
        </ErrorInfo>
      </Output>
    </UnitTestResult>
    <UnitTestResult executionId="a662725c-1544-4984-ad7b-34a163fb5546" testId="9f523e3a-b979-899a-5d38-ac739d0d9b54" testName="GetCasoUso" computerName="THAIS-PC" duration="00:00:00.0043811" startTime="2012-10-31T17:58:24.7472001-02:00" endTime="2012-10-31T17:58:24.7592007-02:00" testType="13cdc9d9-ddb5-4fa4-a97d-d965ccfc6d4b" outcome="Passed" testListId="8c84fa94-04c1-424b-9868-57a2d4851a1d" relativeResultsDirectory="a662725c-1544-4984-ad7b-34a163fb5546">
    </UnitTestResult>
    <UnitTestResult executionId="8a8b29a1-556b-4220-aeea-62f82a8c994e" testId="c2018b26-d1ca-aa30-8dda-dc026f4f9eed" testName="SlugPreenchidoNoSetterDoNome" computerName="THAIS-PC" duration="00:00:00.0005765" startTime="2012-10-31T17:58:24.7732015-02:00" endTime="2012-10-31T17:58:24.7822021-02:00" testType="13cdc9d9-ddb5-4fa4-a97d-d965ccfc6d4b" outcome="Passed" testListId="8c84fa94-04c1-424b-9868-57a2d4851a1d" relativeResultsDirectory="8a8b29a1-556b-4220-aeea-62f82a8c994e">
    </UnitTestResult>
    <UnitTestResult executionId="09e37bc7-9317-412b-8d97-e5d6fd403f2e" testId="ce2519ba-e438-1fd4-7591-ed700a19e8a2" testName="ExcecaoBuscaModuloInexistente" computerName="THAIS-PC" duration="00:00:05.8399588" startTime="2012-10-31T17:58:24.7912026-02:00" endTime="2012-10-31T17:58:30.6375370-02:00" testType="13cdc9d9-ddb5-4fa4-a97d-d965ccfc6d4b" outcome="Passed" testListId="8c84fa94-04c1-424b-9868-57a2d4851a1d" relativeResultsDirectory="09e37bc7-9317-412b-8d97-e5d6fd403f2e">
    </UnitTestResult>
    <UnitTestResult executionId="7344387f-fe03-4e81-86fd-a32a61718153" testId="eb9a1d01-bd39-9b45-dc63-85730985768f" testName="CicloVidaModulo" computerName="THAIS-PC" duration="00:02:19.4126783" startTime="2012-10-31T17:58:30.6465375-02:00" endTime="2012-10-31T18:00:50.0705121-02:00" testType="13cdc9d9-ddb5-4fa4-a97d-d965ccfc6d4b" outcome="Failed" testListId="8c84fa94-04c1-424b-9868-57a2d4851a1d" relativeResultsDirectory="7344387f-fe03-4e81-86fd-a32a61718153">
      <Output>
        <ErrorInfo>
          <Message>Test method Rastreabilidade.Tests.Model.MongoRepositoryTest.CicloVidaModulo threw exception: 
System.InvalidCastException: Não é possível converter um objeto do tipo 'System.Collections.Generic.List`1[Rastreabilidade.Entidades.Tabela]' no tipo 'Rastreabilidade.Entidades.Modulo'.</Message>
          <StackTrace>    em Rastreabilidade.Persistence.Mongo.MongoRepository`1.Delete(Object key) na C:\ingresso\Rastreabilidade\workspace\Rastreabilidade.Persistence.Mongo\MongoRepository.cs:linha 87
   em Rastreabilidade.Tests.Model.MongoRepositoryTest.CicloVidaModulo() na C:\ingresso\Rastreabilidade\workspace\Rastreabilidade.Tests\Model\MongoRepositoryTest.cs:linha 63
</StackTrace>
        </ErrorInfo>
      </Output>
    </UnitTestResult>
    <UnitTestResult executionId="23863247-5180-4eaa-8235-c30160dcbcaa" testId="f3dcc5ab-2116-c39d-f36b-65d708f2731b" testName="NewSaveModulo" computerName="THAIS-PC" duration="00:00:08.9546581" startTime="2012-10-31T18:00:50.0875131-02:00" endTime="2012-10-31T18:00:59.1870335-02:00" testType="13cdc9d9-ddb5-4fa4-a97d-d965ccfc6d4b" outcome="Failed" testListId="8c84fa94-04c1-424b-9868-57a2d4851a1d" relativeResultsDirectory="23863247-5180-4eaa-8235-c30160dcbcaa">
      <Output>
        <ErrorInfo>
          <Message>Test method Rastreabilidade.Tests.Controllers.ModuloControllerTest.NewSaveModulo threw exception: 
Rastreabilidade.Entidades.Persistence.EntityNotFoundException: Exceção do tipo 'Rastreabilidade.Entidades.Persistence.EntityNotFoundException' foi acionada.</Message>
          <StackTrace>    em Rastreabilidade.Persistence.Mongo.MongoRepository`1.Single(Object key) na C:\ingresso\Rastreabilidade\workspace\Rastreabilidade.Persistence.Mongo\MongoRepository.cs:linha 40
   em Rastreabilidade.Tests.Controllers.ModuloControllerTest.NewSaveModulo() na C:\ingresso\Rastreabilidade\workspace\Rastreabilidade.Tests\Controllers\ModuloControllerTest.cs:linha 56
</StackTrace>
        </ErrorInfo>
      </Output>
    </UnitTestResult>
  </Results>
</TestRun>