<?xml version="1.0" encoding="UTF-8"?>
<TestRun id="076ad0a1-110d-4888-952a-4ddc172127cb" name="Thais@THAIS-PC 2012-10-08 22:55:03" runUser="Thais-PC\Thais" xmlns="http://microsoft.com/schemas/VisualStudio/TeamTest/2010">
  <TestSettings name="Default Test Settings" id="1d7f3f26-2617-4124-857e-eb1c6d9ae21a">
    <Deployment runDeploymentRoot="Thais_THAIS-PC 2012-10-08 22_55_03">
      <DeploymentItem filename="C:\ingresso\Rastreabilidade\workspace\Rastreabilidade.Entidades\bin\Debug\Rastreabilidade.Entidades.dll" />
      <DeploymentItem filename="C:\ingresso\Rastreabilidade\workspace\Rastreabilidade\bin\Rastreabilidade.dll" />
    </Deployment>
    <Execution>
      <TestTypeSpecific />
      <AgentRule name="Execution Agents">
      </AgentRule>
    </Execution>
  </TestSettings>
  <Times creation="2012-10-08T22:55:03.5477069-03:00" queuing="2012-10-08T22:55:05.7698340-03:00" start="2012-10-08T22:55:05.9348435-03:00" finish="2012-10-08T22:55:15.1083682-03:00" />
  <ResultSummary outcome="Completed">
    <Counters total="4" executed="4" passed="4" error="0" failed="0" timeout="0" aborted="0" inconclusive="0" passedButRunAborted="0" notRunnable="0" notExecuted="0" disconnected="0" warning="0" completed="0" inProgress="0" pending="0" />
  </ResultSummary>
  <TestDefinitions>
    <UnitTest name="RepositorioRetornaNomeAtributoChave" storage="c:\ingresso\rastreabilidade\workspace\rastreabilidade.tests\bin\debug\rastreabilidade.tests.dll" id="ac9456df-b644-598b-d918-1c72a7128348">
      <Execution id="0e3ef251-d61a-4ec2-a999-84fd03cffda9" />
      <TestMethod codeBase="C:/ingresso/Rastreabilidade/workspace/Rastreabilidade.Tests/bin/Debug/Rastreabilidade.Tests.DLL" adapterTypeName="Microsoft.VisualStudio.TestTools.TestTypes.Unit.UnitTestAdapter, Microsoft.VisualStudio.QualityTools.Tips.UnitTest.Adapter, Version=10.0.0.0, Culture=neutral, PublicKeyToken=b03f5f7f11d50a3a" className="Rastreabilidade.Tests.Model.ConfiguracaoRepositorio, Rastreabilidade.Tests, Version=1.0.0.0, Culture=neutral, PublicKeyToken=null" name="RepositorioRetornaNomeAtributoChave" />
    </UnitTest>
    <UnitTest name="RepositorioRetornaValorAtributoChave" storage="c:\ingresso\rastreabilidade\workspace\rastreabilidade.tests\bin\debug\rastreabilidade.tests.dll" id="89c72902-675d-00a3-d254-db3d49f4c0da">
      <Execution id="83ecbb56-b597-4564-9587-22348bf310be" />
      <TestMethod codeBase="C:/ingresso/Rastreabilidade/workspace/Rastreabilidade.Tests/bin/Debug/Rastreabilidade.Tests.DLL" adapterTypeName="Microsoft.VisualStudio.TestTools.TestTypes.Unit.UnitTestAdapter, Microsoft.VisualStudio.QualityTools.Tips.UnitTest.Adapter, Version=10.0.0.0, Culture=neutral, PublicKeyToken=b03f5f7f11d50a3a" className="Rastreabilidade.Tests.Model.ConfiguracaoRepositorio, Rastreabilidade.Tests, Version=1.0.0.0, Culture=neutral, PublicKeyToken=null" name="RepositorioRetornaValorAtributoChave" />
    </UnitTest>
    <UnitTest name="ExcecaoSobrescritaConfiguracao" storage="c:\ingresso\rastreabilidade\workspace\rastreabilidade.tests\bin\debug\rastreabilidade.tests.dll" id="dbd8e01c-61bc-a1ff-d044-d5c926b12944">
      <Execution id="780ec913-a56e-4ffa-8fb3-d9b339c351e9" />
      <TestMethod codeBase="C:/ingresso/Rastreabilidade/workspace/Rastreabilidade.Tests/bin/Debug/Rastreabilidade.Tests.DLL" adapterTypeName="Microsoft.VisualStudio.TestTools.TestTypes.Unit.UnitTestAdapter, Microsoft.VisualStudio.QualityTools.Tips.UnitTest.Adapter, Version=10.0.0.0, Culture=neutral, PublicKeyToken=b03f5f7f11d50a3a" className="Rastreabilidade.Tests.Model.ConfiguracaoRepositorio, Rastreabilidade.Tests, Version=1.0.0.0, Culture=neutral, PublicKeyToken=null" name="ExcecaoSobrescritaConfiguracao" />
    </UnitTest>
    <UnitTest name="SlugPreenchidoNoSetterDoNome" storage="c:\ingresso\rastreabilidade\workspace\rastreabilidade.tests\bin\debug\rastreabilidade.tests.dll" id="c2018b26-d1ca-aa30-8dda-dc026f4f9eed">
      <Execution id="f56b5119-422d-4518-b6c9-91a1a511e370" />
      <TestMethod codeBase="C:/ingresso/Rastreabilidade/workspace/Rastreabilidade.Tests/bin/Debug/Rastreabilidade.Tests.DLL" adapterTypeName="Microsoft.VisualStudio.TestTools.TestTypes.Unit.UnitTestAdapter, Microsoft.VisualStudio.QualityTools.Tips.UnitTest.Adapter, Version=10.0.0.0, Culture=neutral, PublicKeyToken=b03f5f7f11d50a3a" className="Rastreabilidade.Tests.Model.ValidacaoDeDadosTest, Rastreabilidade.Tests, Version=1.0.0.0, Culture=neutral, PublicKeyToken=null" name="SlugPreenchidoNoSetterDoNome" />
    </UnitTest>
  </TestDefinitions>
  <TestLists>
    <TestList name="Results Not in a List" id="8c84fa94-04c1-424b-9868-57a2d4851a1d" />
    <TestList name="All Loaded Results" id="19431567-8539-422a-85d7-44ee4e166bda" />
  </TestLists>
  <TestEntries>
    <TestEntry testId="c2018b26-d1ca-aa30-8dda-dc026f4f9eed" executionId="f56b5119-422d-4518-b6c9-91a1a511e370" testListId="8c84fa94-04c1-424b-9868-57a2d4851a1d" />
    <TestEntry testId="ac9456df-b644-598b-d918-1c72a7128348" executionId="0e3ef251-d61a-4ec2-a999-84fd03cffda9" testListId="8c84fa94-04c1-424b-9868-57a2d4851a1d" />
    <TestEntry testId="89c72902-675d-00a3-d254-db3d49f4c0da" executionId="83ecbb56-b597-4564-9587-22348bf310be" testListId="8c84fa94-04c1-424b-9868-57a2d4851a1d" />
    <TestEntry testId="dbd8e01c-61bc-a1ff-d044-d5c926b12944" executionId="780ec913-a56e-4ffa-8fb3-d9b339c351e9" testListId="8c84fa94-04c1-424b-9868-57a2d4851a1d" />
  </TestEntries>
  <Results>
    <UnitTestResult executionId="f56b5119-422d-4518-b6c9-91a1a511e370" testId="c2018b26-d1ca-aa30-8dda-dc026f4f9eed" testName="SlugPreenchidoNoSetterDoNome" computerName="THAIS-PC" duration="00:00:00.0816379" startTime="2012-10-08T22:55:06.0018473-03:00" endTime="2012-10-08T22:55:07.3099221-03:00" testType="13cdc9d9-ddb5-4fa4-a97d-d965ccfc6d4b" outcome="Passed" testListId="8c84fa94-04c1-424b-9868-57a2d4851a1d" relativeResultsDirectory="f56b5119-422d-4518-b6c9-91a1a511e370">
    </UnitTestResult>
    <UnitTestResult executionId="0e3ef251-d61a-4ec2-a999-84fd03cffda9" testId="ac9456df-b644-598b-d918-1c72a7128348" testName="RepositorioRetornaNomeAtributoChave" computerName="THAIS-PC" duration="00:00:00.0048636" startTime="2012-10-08T22:55:07.3309233-03:00" endTime="2012-10-08T22:55:07.3479243-03:00" testType="13cdc9d9-ddb5-4fa4-a97d-d965ccfc6d4b" outcome="Passed" testListId="8c84fa94-04c1-424b-9868-57a2d4851a1d" relativeResultsDirectory="0e3ef251-d61a-4ec2-a999-84fd03cffda9">
    </UnitTestResult>
    <UnitTestResult executionId="83ecbb56-b597-4564-9587-22348bf310be" testId="89c72902-675d-00a3-d254-db3d49f4c0da" testName="RepositorioRetornaValorAtributoChave" computerName="THAIS-PC" duration="00:00:00.0201178" startTime="2012-10-08T22:55:07.3639252-03:00" endTime="2012-10-08T22:55:07.3909267-03:00" testType="13cdc9d9-ddb5-4fa4-a97d-d965ccfc6d4b" outcome="Passed" testListId="8c84fa94-04c1-424b-9868-57a2d4851a1d" relativeResultsDirectory="83ecbb56-b597-4564-9587-22348bf310be">
    </UnitTestResult>
    <UnitTestResult executionId="780ec913-a56e-4ffa-8fb3-d9b339c351e9" testId="dbd8e01c-61bc-a1ff-d044-d5c926b12944" testName="ExcecaoSobrescritaConfiguracao" computerName="THAIS-PC" duration="00:00:07.5994513" startTime="2012-10-08T22:55:07.4089278-03:00" endTime="2012-10-08T22:55:15.0393642-03:00" testType="13cdc9d9-ddb5-4fa4-a97d-d965ccfc6d4b" outcome="Passed" testListId="8c84fa94-04c1-424b-9868-57a2d4851a1d" relativeResultsDirectory="780ec913-a56e-4ffa-8fb3-d9b339c351e9">
    </UnitTestResult>
  </Results>
</TestRun>