<?xml version="1.0" encoding="UTF-8"?>
<TestRun id="c41d27d9-d2e2-49d2-b3c7-2121b9f66023" name="Thais@THAIS-PC 2012-10-31 16:32:17" runUser="Thais-PC\Thais" xmlns="http://microsoft.com/schemas/VisualStudio/TeamTest/2010">
  <TestSettings name="Default Test Settings" id="009b8a9f-d573-4c2d-8d2a-13403f298538">
    <Deployment runDeploymentRoot="Thais_THAIS-PC 2012-10-31 16_32_17">
      <DeploymentItem filename="C:\ingresso\Rastreabilidade\lib\log4net.dll" />
      <DeploymentItem filename="C:\ingresso\Rastreabilidade\workspace\Rastreabilidade\bin\Rastreabilidade.dll" />
      <DeploymentItem filename="C:\ingresso\Rastreabilidade\workspace\Rastreabilidade.Persistence.Mongo\bin\Debug\Rastreabilidade.Persistence.Mongo.dll" />
      <DeploymentItem filename="C:\ingresso\Rastreabilidade\workspace\Rastreabilidade.Entidades\bin\Debug\Rastreabilidade.Entidades.dll" />
    </Deployment>
    <Execution>
      <TestTypeSpecific />
      <AgentRule name="Execution Agents">
      </AgentRule>
    </Execution>
  </TestSettings>
  <Times creation="2012-10-31T16:32:17.7186629-02:00" queuing="2012-10-31T16:32:20.8998449-02:00" start="2012-10-31T16:32:21.1738606-02:00" finish="2012-10-31T16:33:05.0863722-02:00" />
  <ResultSummary outcome="Failed">
    <Counters total="10" executed="10" passed="9" error="0" failed="1" timeout="0" aborted="0" inconclusive="0" passedButRunAborted="0" notRunnable="0" notExecuted="0" disconnected="0" warning="0" completed="0" inProgress="0" pending="0" />
  </ResultSummary>
  <TestDefinitions>
    <UnitTest name="ExecutaBusca" storage="c:\ingresso\rastreabilidade\workspace\rastreabilidade.tests\bin\debug\rastreabilidade.tests.dll" id="7b53d40b-0422-5972-0072-a4ab7414fe73">
      <Execution id="15395dee-afaf-4fdd-9bdb-af40f604f4dc" />
      <TestMethod codeBase="C:/ingresso/Rastreabilidade/workspace/Rastreabilidade.Tests/bin/Debug/Rastreabilidade.Tests.DLL" adapterTypeName="Microsoft.VisualStudio.TestTools.TestTypes.Unit.UnitTestAdapter, Microsoft.VisualStudio.QualityTools.Tips.UnitTest.Adapter, Version=10.0.0.0, Culture=neutral, PublicKeyToken=b03f5f7f11d50a3a" className="Rastreabilidade.Tests.Controllers.BuscaControllerTest, Rastreabilidade.Tests, Version=1.0.0.0, Culture=neutral, PublicKeyToken=null" name="ExecutaBusca" />
    </UnitTest>
    <UnitTest name="SalvandoEntidadeSemChave" storage="c:\ingresso\rastreabilidade\workspace\rastreabilidade.tests\bin\debug\rastreabilidade.tests.dll" id="18e043c0-d611-5ffb-718e-fd8f9df60aa2">
      <Execution id="a94fb824-dba3-46b4-8680-9df2dc563594" />
      <TestMethod codeBase="C:/ingresso/Rastreabilidade/workspace/Rastreabilidade.Tests/bin/Debug/Rastreabilidade.Tests.DLL" adapterTypeName="Microsoft.VisualStudio.TestTools.TestTypes.Unit.UnitTestAdapter, Microsoft.VisualStudio.QualityTools.Tips.UnitTest.Adapter, Version=10.0.0.0, Culture=neutral, PublicKeyToken=b03f5f7f11d50a3a" className="Rastreabilidade.Tests.Model.MongoRepositoryTest, Rastreabilidade.Tests, Version=1.0.0.0, Culture=neutral, PublicKeyToken=null" name="SalvandoEntidadeSemChave" />
    </UnitTest>
    <UnitTest name="CicloVidaModulo" storage="c:\ingresso\rastreabilidade\workspace\rastreabilidade.tests\bin\debug\rastreabilidade.tests.dll" id="eb9a1d01-bd39-9b45-dc63-85730985768f">
      <Execution id="85d95e69-13d0-4619-8bd4-eaf01ebe3c00" />
      <TestMethod codeBase="C:/ingresso/Rastreabilidade/workspace/Rastreabilidade.Tests/bin/Debug/Rastreabilidade.Tests.DLL" adapterTypeName="Microsoft.VisualStudio.TestTools.TestTypes.Unit.UnitTestAdapter, Microsoft.VisualStudio.QualityTools.Tips.UnitTest.Adapter, Version=10.0.0.0, Culture=neutral, PublicKeyToken=b03f5f7f11d50a3a" className="Rastreabilidade.Tests.Model.MongoRepositoryTest, Rastreabilidade.Tests, Version=1.0.0.0, Culture=neutral, PublicKeyToken=null" name="CicloVidaModulo" />
    </UnitTest>
    <UnitTest name="ExcecaoBuscaModuloInexistente" storage="c:\ingresso\rastreabilidade\workspace\rastreabilidade.tests\bin\debug\rastreabilidade.tests.dll" id="ce2519ba-e438-1fd4-7591-ed700a19e8a2">
      <Execution id="c2674bde-25b2-438f-8901-00dac8e69aa9" />
      <TestMethod codeBase="C:/ingresso/Rastreabilidade/workspace/Rastreabilidade.Tests/bin/Debug/Rastreabilidade.Tests.DLL" adapterTypeName="Microsoft.VisualStudio.TestTools.TestTypes.Unit.UnitTestAdapter, Microsoft.VisualStudio.QualityTools.Tips.UnitTest.Adapter, Version=10.0.0.0, Culture=neutral, PublicKeyToken=b03f5f7f11d50a3a" className="Rastreabilidade.Tests.Model.MongoRepositoryTest, Rastreabilidade.Tests, Version=1.0.0.0, Culture=neutral, PublicKeyToken=null" name="ExcecaoBuscaModuloInexistente" />
    </UnitTest>
    <UnitTest name="SaveModulo" storage="c:\ingresso\rastreabilidade\workspace\rastreabilidade.tests\bin\debug\rastreabilidade.tests.dll" id="f00948c6-5430-a8f8-cf48-5025af01f9e9">
      <Execution id="070876d7-fd2e-496c-bf03-d42d6d98610a" />
      <TestMethod codeBase="C:/ingresso/Rastreabilidade/workspace/Rastreabilidade.Tests/bin/Debug/Rastreabilidade.Tests.DLL" adapterTypeName="Microsoft.VisualStudio.TestTools.TestTypes.Unit.UnitTestAdapter, Microsoft.VisualStudio.QualityTools.Tips.UnitTest.Adapter, Version=10.0.0.0, Culture=neutral, PublicKeyToken=b03f5f7f11d50a3a" className="Rastreabilidade.Tests.Controllers.ModuloControllerTest, Rastreabilidade.Tests, Version=1.0.0.0, Culture=neutral, PublicKeyToken=null" name="SaveModulo" />
    </UnitTest>
    <UnitTest name="SaveEmptyUseCase" storage="c:\ingresso\rastreabilidade\workspace\rastreabilidade.tests\bin\debug\rastreabilidade.tests.dll" id="994395ad-27b7-3a25-b7bc-d557f9784db2">
      <Execution id="045ad98e-4dee-4096-b5cf-2d627f8fbcd9" />
      <TestMethod codeBase="C:/ingresso/Rastreabilidade/workspace/Rastreabilidade.Tests/bin/Debug/Rastreabilidade.Tests.DLL" adapterTypeName="Microsoft.VisualStudio.TestTools.TestTypes.Unit.UnitTestAdapter, Microsoft.VisualStudio.QualityTools.Tips.UnitTest.Adapter, Version=10.0.0.0, Culture=neutral, PublicKeyToken=b03f5f7f11d50a3a" className="Rastreabilidade.Tests.Controllers.CasoUsoControllerTest, Rastreabilidade.Tests, Version=1.0.0.0, Culture=neutral, PublicKeyToken=null" name="SaveEmptyUseCase" />
    </UnitTest>
    <UnitTest name="SlugPreenchidoNoSetterDoNome" storage="c:\ingresso\rastreabilidade\workspace\rastreabilidade.tests\bin\debug\rastreabilidade.tests.dll" id="c2018b26-d1ca-aa30-8dda-dc026f4f9eed">
      <Execution id="42301a86-7227-4b0a-9df9-1695356ce228" />
      <TestMethod codeBase="C:/ingresso/Rastreabilidade/workspace/Rastreabilidade.Tests/bin/Debug/Rastreabilidade.Tests.DLL" adapterTypeName="Microsoft.VisualStudio.TestTools.TestTypes.Unit.UnitTestAdapter, Microsoft.VisualStudio.QualityTools.Tips.UnitTest.Adapter, Version=10.0.0.0, Culture=neutral, PublicKeyToken=b03f5f7f11d50a3a" className="Rastreabilidade.Tests.Model.ValidacaoDeDadosTest, Rastreabilidade.Tests, Version=1.0.0.0, Culture=neutral, PublicKeyToken=null" name="SlugPreenchidoNoSetterDoNome" />
    </UnitTest>
    <UnitTest name="GetCasoUso" storage="c:\ingresso\rastreabilidade\workspace\rastreabilidade.tests\bin\debug\rastreabilidade.tests.dll" id="9f523e3a-b979-899a-5d38-ac739d0d9b54">
      <Execution id="c483c0c2-280f-4500-9141-b190ecfd5aea" />
      <TestMethod codeBase="C:/ingresso/Rastreabilidade/workspace/Rastreabilidade.Tests/bin/Debug/Rastreabilidade.Tests.DLL" adapterTypeName="Microsoft.VisualStudio.TestTools.TestTypes.Unit.UnitTestAdapter, Microsoft.VisualStudio.QualityTools.Tips.UnitTest.Adapter, Version=10.0.0.0, Culture=neutral, PublicKeyToken=b03f5f7f11d50a3a" className="Rastreabilidade.Tests.Controllers.CasoUsoControllerTest, Rastreabilidade.Tests, Version=1.0.0.0, Culture=neutral, PublicKeyToken=null" name="GetCasoUso" />
    </UnitTest>
    <UnitTest name="SaveUseCase" storage="c:\ingresso\rastreabilidade\workspace\rastreabilidade.tests\bin\debug\rastreabilidade.tests.dll" id="3f957e4c-c763-bf61-75b2-959bd5b466d6">
      <Execution id="bd1136ac-6a23-4bcf-afd7-097c18e8b9b1" />
      <TestMethod codeBase="C:/ingresso/Rastreabilidade/workspace/Rastreabilidade.Tests/bin/Debug/Rastreabilidade.Tests.DLL" adapterTypeName="Microsoft.VisualStudio.TestTools.TestTypes.Unit.UnitTestAdapter, Microsoft.VisualStudio.QualityTools.Tips.UnitTest.Adapter, Version=10.0.0.0, Culture=neutral, PublicKeyToken=b03f5f7f11d50a3a" className="Rastreabilidade.Tests.Controllers.CasoUsoControllerTest, Rastreabilidade.Tests, Version=1.0.0.0, Culture=neutral, PublicKeyToken=null" name="SaveUseCase" />
    </UnitTest>
    <UnitTest name="GetModulo" storage="c:\ingresso\rastreabilidade\workspace\rastreabilidade.tests\bin\debug\rastreabilidade.tests.dll" id="89cae443-5252-a3e8-a403-30c905e0cff8">
      <Execution id="632bce43-ac6e-4f8d-aac6-65d2bb82bbbe" />
      <TestMethod codeBase="C:/ingresso/Rastreabilidade/workspace/Rastreabilidade.Tests/bin/Debug/Rastreabilidade.Tests.DLL" adapterTypeName="Microsoft.VisualStudio.TestTools.TestTypes.Unit.UnitTestAdapter, Microsoft.VisualStudio.QualityTools.Tips.UnitTest.Adapter, Version=10.0.0.0, Culture=neutral, PublicKeyToken=b03f5f7f11d50a3a" className="Rastreabilidade.Tests.Controllers.ModuloControllerTest, Rastreabilidade.Tests, Version=1.0.0.0, Culture=neutral, PublicKeyToken=null" name="GetModulo" />
    </UnitTest>
  </TestDefinitions>
  <TestLists>
    <TestList name="Results Not in a List" id="8c84fa94-04c1-424b-9868-57a2d4851a1d" />
    <TestList name="All Loaded Results" id="19431567-8539-422a-85d7-44ee4e166bda" />
  </TestLists>
  <TestEntries>
    <TestEntry testId="c2018b26-d1ca-aa30-8dda-dc026f4f9eed" executionId="42301a86-7227-4b0a-9df9-1695356ce228" testListId="8c84fa94-04c1-424b-9868-57a2d4851a1d" />
    <TestEntry testId="89cae443-5252-a3e8-a403-30c905e0cff8" executionId="632bce43-ac6e-4f8d-aac6-65d2bb82bbbe" testListId="8c84fa94-04c1-424b-9868-57a2d4851a1d" />
    <TestEntry testId="9f523e3a-b979-899a-5d38-ac739d0d9b54" executionId="c483c0c2-280f-4500-9141-b190ecfd5aea" testListId="8c84fa94-04c1-424b-9868-57a2d4851a1d" />
    <TestEntry testId="3f957e4c-c763-bf61-75b2-959bd5b466d6" executionId="bd1136ac-6a23-4bcf-afd7-097c18e8b9b1" testListId="8c84fa94-04c1-424b-9868-57a2d4851a1d" />
    <TestEntry testId="994395ad-27b7-3a25-b7bc-d557f9784db2" executionId="045ad98e-4dee-4096-b5cf-2d627f8fbcd9" testListId="8c84fa94-04c1-424b-9868-57a2d4851a1d" />
    <TestEntry testId="7b53d40b-0422-5972-0072-a4ab7414fe73" executionId="15395dee-afaf-4fdd-9bdb-af40f604f4dc" testListId="8c84fa94-04c1-424b-9868-57a2d4851a1d" />
    <TestEntry testId="eb9a1d01-bd39-9b45-dc63-85730985768f" executionId="85d95e69-13d0-4619-8bd4-eaf01ebe3c00" testListId="8c84fa94-04c1-424b-9868-57a2d4851a1d" />
    <TestEntry testId="ce2519ba-e438-1fd4-7591-ed700a19e8a2" executionId="c2674bde-25b2-438f-8901-00dac8e69aa9" testListId="8c84fa94-04c1-424b-9868-57a2d4851a1d" />
    <TestEntry testId="18e043c0-d611-5ffb-718e-fd8f9df60aa2" executionId="a94fb824-dba3-46b4-8680-9df2dc563594" testListId="8c84fa94-04c1-424b-9868-57a2d4851a1d" />
    <TestEntry testId="f00948c6-5430-a8f8-cf48-5025af01f9e9" executionId="070876d7-fd2e-496c-bf03-d42d6d98610a" testListId="8c84fa94-04c1-424b-9868-57a2d4851a1d" />
  </TestEntries>
  <Results>
    <UnitTestResult executionId="42301a86-7227-4b0a-9df9-1695356ce228" testId="c2018b26-d1ca-aa30-8dda-dc026f4f9eed" testName="SlugPreenchidoNoSetterDoNome" computerName="THAIS-PC" duration="00:00:00.0205864" startTime="2012-10-31T16:32:21.4338754-02:00" endTime="2012-10-31T16:32:22.6389444-02:00" testType="13cdc9d9-ddb5-4fa4-a97d-d965ccfc6d4b" outcome="Passed" testListId="8c84fa94-04c1-424b-9868-57a2d4851a1d" relativeResultsDirectory="42301a86-7227-4b0a-9df9-1695356ce228">
    </UnitTestResult>
    <UnitTestResult executionId="632bce43-ac6e-4f8d-aac6-65d2bb82bbbe" testId="89cae443-5252-a3e8-a403-30c905e0cff8" testName="GetModulo" computerName="THAIS-PC" duration="00:00:37.2782639" startTime="2012-10-31T16:32:22.6519451-02:00" endTime="2012-10-31T16:32:59.9540787-02:00" testType="13cdc9d9-ddb5-4fa4-a97d-d965ccfc6d4b" outcome="Passed" testListId="8c84fa94-04c1-424b-9868-57a2d4851a1d" relativeResultsDirectory="632bce43-ac6e-4f8d-aac6-65d2bb82bbbe">
      <Output>
        <StdErr>log4net:ERROR Failed to initialize configuration file watcher for file [C:\ingresso\Rastreabilidade\workspace\TestResults\Thais_THAIS-PC 2012-10-31 16_32_17\Out\Config\Log.config]
System.ArgumentException: O nome de diretório C:\ingresso\Rastreabilidade\workspace\TestResults\Thais_THAIS-PC 2012-10-31 16_32_17\Out\Config é inválido.
   em System.IO.FileSystemWatcher.set_Path(String value)
   em log4net.Config.XmlConfigurator.ConfigureAndWatchHandler..ctor(ILoggerRepository repository, FileInfo configFile)
   em log4net.Config.XmlConfigurator.InternalConfigureAndWatch(ILoggerRepository repository, FileInfo configFile)</StdErr>
        <DebugTrace>log4net:ERROR Failed to initialize configuration file watcher for file [C:\ingresso\Rastreabilidade\workspace\TestResults\Thais_THAIS-PC 2012-10-31 16_32_17\Out\Config\Log.config]
System.ArgumentException: O nome de diretório C:\ingresso\Rastreabilidade\workspace\TestResults\Thais_THAIS-PC 2012-10-31 16_32_17\Out\Config é inválido.
   em System.IO.FileSystemWatcher.set_Path(String value)
   em log4net.Config.XmlConfigurator.ConfigureAndWatchHandler..ctor(ILoggerRepository repository, FileInfo configFile)
   em log4net.Config.XmlConfigurator.InternalConfigureAndWatch(ILoggerRepository repository, FileInfo configFile)
</DebugTrace>
      </Output>
    </UnitTestResult>
    <UnitTestResult executionId="c483c0c2-280f-4500-9141-b190ecfd5aea" testId="9f523e3a-b979-899a-5d38-ac739d0d9b54" testName="GetCasoUso" computerName="THAIS-PC" duration="00:00:00.0115297" startTime="2012-10-31T16:32:59.9790801-02:00" endTime="2012-10-31T16:33:00.0010814-02:00" testType="13cdc9d9-ddb5-4fa4-a97d-d965ccfc6d4b" outcome="Passed" testListId="8c84fa94-04c1-424b-9868-57a2d4851a1d" relativeResultsDirectory="c483c0c2-280f-4500-9141-b190ecfd5aea">
    </UnitTestResult>
    <UnitTestResult executionId="bd1136ac-6a23-4bcf-afd7-097c18e8b9b1" testId="3f957e4c-c763-bf61-75b2-959bd5b466d6" testName="SaveUseCase" computerName="THAIS-PC" duration="00:00:00.0948267" startTime="2012-10-31T16:33:00.0110819-02:00" endTime="2012-10-31T16:33:00.1610905-02:00" testType="13cdc9d9-ddb5-4fa4-a97d-d965ccfc6d4b" outcome="Passed" testListId="8c84fa94-04c1-424b-9868-57a2d4851a1d" relativeResultsDirectory="bd1136ac-6a23-4bcf-afd7-097c18e8b9b1">
    </UnitTestResult>
    <UnitTestResult executionId="045ad98e-4dee-4096-b5cf-2d627f8fbcd9" testId="994395ad-27b7-3a25-b7bc-d557f9784db2" testName="SaveEmptyUseCase" computerName="THAIS-PC" duration="00:00:00.0191548" startTime="2012-10-31T16:33:00.1670908-02:00" endTime="2012-10-31T16:33:00.1920923-02:00" testType="13cdc9d9-ddb5-4fa4-a97d-d965ccfc6d4b" outcome="Passed" testListId="8c84fa94-04c1-424b-9868-57a2d4851a1d" relativeResultsDirectory="045ad98e-4dee-4096-b5cf-2d627f8fbcd9">
    </UnitTestResult>
    <UnitTestResult executionId="15395dee-afaf-4fdd-9bdb-af40f604f4dc" testId="7b53d40b-0422-5972-0072-a4ab7414fe73" testName="ExecutaBusca" computerName="THAIS-PC" duration="00:00:00.0042935" startTime="2012-10-31T16:33:00.2000927-02:00" endTime="2012-10-31T16:33:00.2110934-02:00" testType="13cdc9d9-ddb5-4fa4-a97d-d965ccfc6d4b" outcome="Passed" testListId="8c84fa94-04c1-424b-9868-57a2d4851a1d" relativeResultsDirectory="15395dee-afaf-4fdd-9bdb-af40f604f4dc">
    </UnitTestResult>
    <UnitTestResult executionId="85d95e69-13d0-4619-8bd4-eaf01ebe3c00" testId="eb9a1d01-bd39-9b45-dc63-85730985768f" testName="CicloVidaModulo" computerName="THAIS-PC" duration="00:00:01.7094585" startTime="2012-10-31T16:33:00.2170937-02:00" endTime="2012-10-31T16:33:01.9321918-02:00" testType="13cdc9d9-ddb5-4fa4-a97d-d965ccfc6d4b" outcome="Failed" testListId="8c84fa94-04c1-424b-9868-57a2d4851a1d" relativeResultsDirectory="85d95e69-13d0-4619-8bd4-eaf01ebe3c00">
      <Output>
        <ErrorInfo>
          <Message>Test method Rastreabilidade.Tests.Model.MongoRepositoryTest.CicloVidaModulo threw exception: 
System.InvalidCastException: Não é possível converter um objeto do tipo 'System.Collections.Generic.List`1[Rastreabilidade.Entidades.Tabela]' no tipo 'Rastreabilidade.Entidades.Modulo'.</Message>
          <StackTrace>    em Rastreabilidade.Persistence.Mongo.MongoRepository`1.Delete(Object key) na C:\ingresso\Rastreabilidade\workspace\Rastreabilidade.Persistence.Mongo\MongoRepository.cs:linha 87
   em Rastreabilidade.Tests.Model.MongoRepositoryTest.CicloVidaModulo() na C:\ingresso\Rastreabilidade\workspace\Rastreabilidade.Tests\Model\MongoRepositoryTest.cs:linha 63
</StackTrace>
        </ErrorInfo>
      </Output>
    </UnitTestResult>
    <UnitTestResult executionId="c2674bde-25b2-438f-8901-00dac8e69aa9" testId="ce2519ba-e438-1fd4-7591-ed700a19e8a2" testName="ExcecaoBuscaModuloInexistente" computerName="THAIS-PC" duration="00:00:00.6857249" startTime="2012-10-31T16:33:01.9421924-02:00" endTime="2012-10-31T16:33:02.6372321-02:00" testType="13cdc9d9-ddb5-4fa4-a97d-d965ccfc6d4b" outcome="Passed" testListId="8c84fa94-04c1-424b-9868-57a2d4851a1d" relativeResultsDirectory="c2674bde-25b2-438f-8901-00dac8e69aa9">
    </UnitTestResult>
    <UnitTestResult executionId="a94fb824-dba3-46b4-8680-9df2dc563594" testId="18e043c0-d611-5ffb-718e-fd8f9df60aa2" testName="SalvandoEntidadeSemChave" computerName="THAIS-PC" duration="00:00:00.8817934" startTime="2012-10-31T16:33:02.6502329-02:00" endTime="2012-10-31T16:33:03.5382837-02:00" testType="13cdc9d9-ddb5-4fa4-a97d-d965ccfc6d4b" outcome="Passed" testListId="8c84fa94-04c1-424b-9868-57a2d4851a1d" relativeResultsDirectory="a94fb824-dba3-46b4-8680-9df2dc563594">
    </UnitTestResult>
    <UnitTestResult executionId="070876d7-fd2e-496c-bf03-d42d6d98610a" testId="f00948c6-5430-a8f8-cf48-5025af01f9e9" testName="SaveModulo" computerName="THAIS-PC" duration="00:00:01.3979945" startTime="2012-10-31T16:33:03.5632851-02:00" endTime="2012-10-31T16:33:04.9753659-02:00" testType="13cdc9d9-ddb5-4fa4-a97d-d965ccfc6d4b" outcome="Passed" testListId="8c84fa94-04c1-424b-9868-57a2d4851a1d" relativeResultsDirectory="070876d7-fd2e-496c-bf03-d42d6d98610a">
    </UnitTestResult>
  </Results>
</TestRun>