<?xml version="1.0" encoding="UTF-8"?>
<TestRun id="7f4192ef-5400-44a0-a38a-51de132d8091" name="Thais@THAIS-PC 2012-10-31 16:59:43" runUser="Thais-PC\Thais" xmlns="http://microsoft.com/schemas/VisualStudio/TeamTest/2010">
  <TestSettings name="Default Test Settings" id="e8a04d21-b2c1-4471-b06f-0733738c64e9">
    <Deployment runDeploymentRoot="Thais_THAIS-PC 2012-10-31 16_59_43">
      <DeploymentItem filename="C:\ingresso\Rastreabilidade\lib\log4net.dll" />
      <DeploymentItem filename="C:\ingresso\Rastreabilidade\workspace\Rastreabilidade\bin\Rastreabilidade.dll" />
      <DeploymentItem filename="C:\ingresso\Rastreabilidade\workspace\Rastreabilidade.Persistence.Mongo\bin\Debug\Rastreabilidade.Persistence.Mongo.dll" />
      <DeploymentItem filename="C:\ingresso\Rastreabilidade\workspace\Rastreabilidade.Entidades\bin\Debug\Rastreabilidade.Entidades.dll" />
    </Deployment>
    <Execution>
      <TestTypeSpecific />
      <AgentRule name="Execution Agents">
      </AgentRule>
    </Execution>
  </TestSettings>
  <Times creation="2012-10-31T16:59:43.9148200-02:00" queuing="2012-10-31T16:59:46.8829897-02:00" start="2012-10-31T16:59:47.1270037-02:00" finish="2012-10-31T17:01:01.1322366-02:00" />
  <ResultSummary outcome="Failed">
    <Counters total="10" executed="10" passed="8" error="0" failed="2" timeout="0" aborted="0" inconclusive="0" passedButRunAborted="0" notRunnable="0" notExecuted="0" disconnected="0" warning="0" completed="0" inProgress="0" pending="0" />
  </ResultSummary>
  <TestDefinitions>
    <UnitTest name="ExecutaBusca" storage="c:\ingresso\rastreabilidade\workspace\rastreabilidade.tests\bin\debug\rastreabilidade.tests.dll" id="7b53d40b-0422-5972-0072-a4ab7414fe73">
      <Execution id="b721a8f7-e466-429c-a85f-e9b3fd2d6dc2" />
      <TestMethod codeBase="C:/ingresso/Rastreabilidade/workspace/Rastreabilidade.Tests/bin/Debug/Rastreabilidade.Tests.DLL" adapterTypeName="Microsoft.VisualStudio.TestTools.TestTypes.Unit.UnitTestAdapter, Microsoft.VisualStudio.QualityTools.Tips.UnitTest.Adapter, Version=10.0.0.0, Culture=neutral, PublicKeyToken=b03f5f7f11d50a3a" className="Rastreabilidade.Tests.Controllers.BuscaControllerTest, Rastreabilidade.Tests, Version=1.0.0.0, Culture=neutral, PublicKeyToken=null" name="ExecutaBusca" />
    </UnitTest>
    <UnitTest name="SalvandoEntidadeSemChave" storage="c:\ingresso\rastreabilidade\workspace\rastreabilidade.tests\bin\debug\rastreabilidade.tests.dll" id="18e043c0-d611-5ffb-718e-fd8f9df60aa2">
      <Execution id="633cff46-4229-41b9-ba54-08692f86cc5b" />
      <TestMethod codeBase="C:/ingresso/Rastreabilidade/workspace/Rastreabilidade.Tests/bin/Debug/Rastreabilidade.Tests.DLL" adapterTypeName="Microsoft.VisualStudio.TestTools.TestTypes.Unit.UnitTestAdapter, Microsoft.VisualStudio.QualityTools.Tips.UnitTest.Adapter, Version=10.0.0.0, Culture=neutral, PublicKeyToken=b03f5f7f11d50a3a" className="Rastreabilidade.Tests.Model.MongoRepositoryTest, Rastreabilidade.Tests, Version=1.0.0.0, Culture=neutral, PublicKeyToken=null" name="SalvandoEntidadeSemChave" />
    </UnitTest>
    <UnitTest name="CicloVidaModulo" storage="c:\ingresso\rastreabilidade\workspace\rastreabilidade.tests\bin\debug\rastreabilidade.tests.dll" id="eb9a1d01-bd39-9b45-dc63-85730985768f">
      <Execution id="b5325a1a-eeac-4e7a-8c48-ba7786041523" />
      <TestMethod codeBase="C:/ingresso/Rastreabilidade/workspace/Rastreabilidade.Tests/bin/Debug/Rastreabilidade.Tests.DLL" adapterTypeName="Microsoft.VisualStudio.TestTools.TestTypes.Unit.UnitTestAdapter, Microsoft.VisualStudio.QualityTools.Tips.UnitTest.Adapter, Version=10.0.0.0, Culture=neutral, PublicKeyToken=b03f5f7f11d50a3a" className="Rastreabilidade.Tests.Model.MongoRepositoryTest, Rastreabilidade.Tests, Version=1.0.0.0, Culture=neutral, PublicKeyToken=null" name="CicloVidaModulo" />
    </UnitTest>
    <UnitTest name="ExcecaoBuscaModuloInexistente" storage="c:\ingresso\rastreabilidade\workspace\rastreabilidade.tests\bin\debug\rastreabilidade.tests.dll" id="ce2519ba-e438-1fd4-7591-ed700a19e8a2">
      <Execution id="d3b863cd-c29a-48ff-84ef-64d57e1989fc" />
      <TestMethod codeBase="C:/ingresso/Rastreabilidade/workspace/Rastreabilidade.Tests/bin/Debug/Rastreabilidade.Tests.DLL" adapterTypeName="Microsoft.VisualStudio.TestTools.TestTypes.Unit.UnitTestAdapter, Microsoft.VisualStudio.QualityTools.Tips.UnitTest.Adapter, Version=10.0.0.0, Culture=neutral, PublicKeyToken=b03f5f7f11d50a3a" className="Rastreabilidade.Tests.Model.MongoRepositoryTest, Rastreabilidade.Tests, Version=1.0.0.0, Culture=neutral, PublicKeyToken=null" name="ExcecaoBuscaModuloInexistente" />
    </UnitTest>
    <UnitTest name="SaveModulo" storage="c:\ingresso\rastreabilidade\workspace\rastreabilidade.tests\bin\debug\rastreabilidade.tests.dll" id="f00948c6-5430-a8f8-cf48-5025af01f9e9">
      <Execution id="a6f3bfa0-ba9a-4055-88ec-adcbd3c5b00a" />
      <TestMethod codeBase="C:/ingresso/Rastreabilidade/workspace/Rastreabilidade.Tests/bin/Debug/Rastreabilidade.Tests.DLL" adapterTypeName="Microsoft.VisualStudio.TestTools.TestTypes.Unit.UnitTestAdapter, Microsoft.VisualStudio.QualityTools.Tips.UnitTest.Adapter, Version=10.0.0.0, Culture=neutral, PublicKeyToken=b03f5f7f11d50a3a" className="Rastreabilidade.Tests.Controllers.ModuloControllerTest, Rastreabilidade.Tests, Version=1.0.0.0, Culture=neutral, PublicKeyToken=null" name="SaveModulo" />
    </UnitTest>
    <UnitTest name="SlugPreenchidoNoSetterDoNome" storage="c:\ingresso\rastreabilidade\workspace\rastreabilidade.tests\bin\debug\rastreabilidade.tests.dll" id="c2018b26-d1ca-aa30-8dda-dc026f4f9eed">
      <Execution id="69abaee4-1e25-4e2e-9a6a-6d76578e0871" />
      <TestMethod codeBase="C:/ingresso/Rastreabilidade/workspace/Rastreabilidade.Tests/bin/Debug/Rastreabilidade.Tests.DLL" adapterTypeName="Microsoft.VisualStudio.TestTools.TestTypes.Unit.UnitTestAdapter, Microsoft.VisualStudio.QualityTools.Tips.UnitTest.Adapter, Version=10.0.0.0, Culture=neutral, PublicKeyToken=b03f5f7f11d50a3a" className="Rastreabilidade.Tests.Model.ValidacaoDeDadosTest, Rastreabilidade.Tests, Version=1.0.0.0, Culture=neutral, PublicKeyToken=null" name="SlugPreenchidoNoSetterDoNome" />
    </UnitTest>
    <UnitTest name="SaveEmptyUseCase" storage="c:\ingresso\rastreabilidade\workspace\rastreabilidade.tests\bin\debug\rastreabilidade.tests.dll" id="994395ad-27b7-3a25-b7bc-d557f9784db2">
      <Execution id="5ce9553d-fc7e-4d22-86f3-07d26f226b85" />
      <TestMethod codeBase="C:/ingresso/Rastreabilidade/workspace/Rastreabilidade.Tests/bin/Debug/Rastreabilidade.Tests.DLL" adapterTypeName="Microsoft.VisualStudio.TestTools.TestTypes.Unit.UnitTestAdapter, Microsoft.VisualStudio.QualityTools.Tips.UnitTest.Adapter, Version=10.0.0.0, Culture=neutral, PublicKeyToken=b03f5f7f11d50a3a" className="Rastreabilidade.Tests.Controllers.CasoUsoControllerTest, Rastreabilidade.Tests, Version=1.0.0.0, Culture=neutral, PublicKeyToken=null" name="SaveEmptyUseCase" />
    </UnitTest>
    <UnitTest name="GetModulo" storage="c:\ingresso\rastreabilidade\workspace\rastreabilidade.tests\bin\debug\rastreabilidade.tests.dll" id="89cae443-5252-a3e8-a403-30c905e0cff8">
      <Execution id="8032b961-fef9-4577-9ccd-9162b4d14208" />
      <TestMethod codeBase="C:/ingresso/Rastreabilidade/workspace/Rastreabilidade.Tests/bin/Debug/Rastreabilidade.Tests.DLL" adapterTypeName="Microsoft.VisualStudio.TestTools.TestTypes.Unit.UnitTestAdapter, Microsoft.VisualStudio.QualityTools.Tips.UnitTest.Adapter, Version=10.0.0.0, Culture=neutral, PublicKeyToken=b03f5f7f11d50a3a" className="Rastreabilidade.Tests.Controllers.ModuloControllerTest, Rastreabilidade.Tests, Version=1.0.0.0, Culture=neutral, PublicKeyToken=null" name="GetModulo" />
    </UnitTest>
    <UnitTest name="GetCasoUso" storage="c:\ingresso\rastreabilidade\workspace\rastreabilidade.tests\bin\debug\rastreabilidade.tests.dll" id="9f523e3a-b979-899a-5d38-ac739d0d9b54">
      <Execution id="fa2a2897-8137-4e84-baf0-f6a02d3d5b33" />
      <TestMethod codeBase="C:/ingresso/Rastreabilidade/workspace/Rastreabilidade.Tests/bin/Debug/Rastreabilidade.Tests.DLL" adapterTypeName="Microsoft.VisualStudio.TestTools.TestTypes.Unit.UnitTestAdapter, Microsoft.VisualStudio.QualityTools.Tips.UnitTest.Adapter, Version=10.0.0.0, Culture=neutral, PublicKeyToken=b03f5f7f11d50a3a" className="Rastreabilidade.Tests.Controllers.CasoUsoControllerTest, Rastreabilidade.Tests, Version=1.0.0.0, Culture=neutral, PublicKeyToken=null" name="GetCasoUso" />
    </UnitTest>
    <UnitTest name="SaveUseCase" storage="c:\ingresso\rastreabilidade\workspace\rastreabilidade.tests\bin\debug\rastreabilidade.tests.dll" id="3f957e4c-c763-bf61-75b2-959bd5b466d6">
      <Execution id="919daa88-2271-4aa9-8a37-33293ae2b391" />
      <TestMethod codeBase="C:/ingresso/Rastreabilidade/workspace/Rastreabilidade.Tests/bin/Debug/Rastreabilidade.Tests.DLL" adapterTypeName="Microsoft.VisualStudio.TestTools.TestTypes.Unit.UnitTestAdapter, Microsoft.VisualStudio.QualityTools.Tips.UnitTest.Adapter, Version=10.0.0.0, Culture=neutral, PublicKeyToken=b03f5f7f11d50a3a" className="Rastreabilidade.Tests.Controllers.CasoUsoControllerTest, Rastreabilidade.Tests, Version=1.0.0.0, Culture=neutral, PublicKeyToken=null" name="SaveUseCase" />
    </UnitTest>
  </TestDefinitions>
  <TestLists>
    <TestList name="Results Not in a List" id="8c84fa94-04c1-424b-9868-57a2d4851a1d" />
    <TestList name="All Loaded Results" id="19431567-8539-422a-85d7-44ee4e166bda" />
  </TestLists>
  <TestEntries>
    <TestEntry testId="18e043c0-d611-5ffb-718e-fd8f9df60aa2" executionId="633cff46-4229-41b9-ba54-08692f86cc5b" testListId="8c84fa94-04c1-424b-9868-57a2d4851a1d" />
    <TestEntry testId="3f957e4c-c763-bf61-75b2-959bd5b466d6" executionId="919daa88-2271-4aa9-8a37-33293ae2b391" testListId="8c84fa94-04c1-424b-9868-57a2d4851a1d" />
    <TestEntry testId="7b53d40b-0422-5972-0072-a4ab7414fe73" executionId="b721a8f7-e466-429c-a85f-e9b3fd2d6dc2" testListId="8c84fa94-04c1-424b-9868-57a2d4851a1d" />
    <TestEntry testId="89cae443-5252-a3e8-a403-30c905e0cff8" executionId="8032b961-fef9-4577-9ccd-9162b4d14208" testListId="8c84fa94-04c1-424b-9868-57a2d4851a1d" />
    <TestEntry testId="994395ad-27b7-3a25-b7bc-d557f9784db2" executionId="5ce9553d-fc7e-4d22-86f3-07d26f226b85" testListId="8c84fa94-04c1-424b-9868-57a2d4851a1d" />
    <TestEntry testId="9f523e3a-b979-899a-5d38-ac739d0d9b54" executionId="fa2a2897-8137-4e84-baf0-f6a02d3d5b33" testListId="8c84fa94-04c1-424b-9868-57a2d4851a1d" />
    <TestEntry testId="c2018b26-d1ca-aa30-8dda-dc026f4f9eed" executionId="69abaee4-1e25-4e2e-9a6a-6d76578e0871" testListId="8c84fa94-04c1-424b-9868-57a2d4851a1d" />
    <TestEntry testId="ce2519ba-e438-1fd4-7591-ed700a19e8a2" executionId="d3b863cd-c29a-48ff-84ef-64d57e1989fc" testListId="8c84fa94-04c1-424b-9868-57a2d4851a1d" />
    <TestEntry testId="eb9a1d01-bd39-9b45-dc63-85730985768f" executionId="b5325a1a-eeac-4e7a-8c48-ba7786041523" testListId="8c84fa94-04c1-424b-9868-57a2d4851a1d" />
    <TestEntry testId="f00948c6-5430-a8f8-cf48-5025af01f9e9" executionId="a6f3bfa0-ba9a-4055-88ec-adcbd3c5b00a" testListId="8c84fa94-04c1-424b-9868-57a2d4851a1d" />
  </TestEntries>
  <Results>
    <UnitTestResult executionId="633cff46-4229-41b9-ba54-08692f86cc5b" testId="18e043c0-d611-5ffb-718e-fd8f9df60aa2" testName="SalvandoEntidadeSemChave" computerName="THAIS-PC" duration="00:00:29.0692341" startTime="2012-10-31T16:59:47.3580169-02:00" endTime="2012-10-31T17:00:18.3437892-02:00" testType="13cdc9d9-ddb5-4fa4-a97d-d965ccfc6d4b" outcome="Passed" testListId="8c84fa94-04c1-424b-9868-57a2d4851a1d" relativeResultsDirectory="633cff46-4229-41b9-ba54-08692f86cc5b">
    </UnitTestResult>
    <UnitTestResult executionId="919daa88-2271-4aa9-8a37-33293ae2b391" testId="3f957e4c-c763-bf61-75b2-959bd5b466d6" testName="SaveUseCase" computerName="THAIS-PC" duration="00:00:00.2542998" startTime="2012-10-31T17:00:18.3527897-02:00" endTime="2012-10-31T17:00:18.6228052-02:00" testType="13cdc9d9-ddb5-4fa4-a97d-d965ccfc6d4b" outcome="Passed" testListId="8c84fa94-04c1-424b-9868-57a2d4851a1d" relativeResultsDirectory="919daa88-2271-4aa9-8a37-33293ae2b391">
    </UnitTestResult>
    <UnitTestResult executionId="b721a8f7-e466-429c-a85f-e9b3fd2d6dc2" testId="7b53d40b-0422-5972-0072-a4ab7414fe73" testName="ExecutaBusca" computerName="THAIS-PC" duration="00:00:00.0061032" startTime="2012-10-31T17:00:18.6398061-02:00" endTime="2012-10-31T17:00:18.6528069-02:00" testType="13cdc9d9-ddb5-4fa4-a97d-d965ccfc6d4b" outcome="Passed" testListId="8c84fa94-04c1-424b-9868-57a2d4851a1d" relativeResultsDirectory="b721a8f7-e466-429c-a85f-e9b3fd2d6dc2">
    </UnitTestResult>
    <UnitTestResult executionId="8032b961-fef9-4577-9ccd-9162b4d14208" testId="89cae443-5252-a3e8-a403-30c905e0cff8" testName="GetModulo" computerName="THAIS-PC" duration="00:00:00.0028982" startTime="2012-10-31T17:00:18.6868088-02:00" endTime="2012-10-31T17:00:18.6988095-02:00" testType="13cdc9d9-ddb5-4fa4-a97d-d965ccfc6d4b" outcome="Passed" testListId="8c84fa94-04c1-424b-9868-57a2d4851a1d" relativeResultsDirectory="8032b961-fef9-4577-9ccd-9162b4d14208">
    </UnitTestResult>
    <UnitTestResult executionId="5ce9553d-fc7e-4d22-86f3-07d26f226b85" testId="994395ad-27b7-3a25-b7bc-d557f9784db2" testName="SaveEmptyUseCase" computerName="THAIS-PC" duration="00:00:00.0197224" startTime="2012-10-31T17:00:18.7088101-02:00" endTime="2012-10-31T17:00:18.7398118-02:00" testType="13cdc9d9-ddb5-4fa4-a97d-d965ccfc6d4b" outcome="Passed" testListId="8c84fa94-04c1-424b-9868-57a2d4851a1d" relativeResultsDirectory="5ce9553d-fc7e-4d22-86f3-07d26f226b85">
    </UnitTestResult>
    <UnitTestResult executionId="fa2a2897-8137-4e84-baf0-f6a02d3d5b33" testId="9f523e3a-b979-899a-5d38-ac739d0d9b54" testName="GetCasoUso" computerName="THAIS-PC" duration="00:00:00.0035206" startTime="2012-10-31T17:00:18.7488124-02:00" endTime="2012-10-31T17:00:18.7588129-02:00" testType="13cdc9d9-ddb5-4fa4-a97d-d965ccfc6d4b" outcome="Passed" testListId="8c84fa94-04c1-424b-9868-57a2d4851a1d" relativeResultsDirectory="fa2a2897-8137-4e84-baf0-f6a02d3d5b33">
    </UnitTestResult>
    <UnitTestResult executionId="69abaee4-1e25-4e2e-9a6a-6d76578e0871" testId="c2018b26-d1ca-aa30-8dda-dc026f4f9eed" testName="SlugPreenchidoNoSetterDoNome" computerName="THAIS-PC" duration="00:00:00.0006133" startTime="2012-10-31T17:00:18.7698136-02:00" endTime="2012-10-31T17:00:18.7748138-02:00" testType="13cdc9d9-ddb5-4fa4-a97d-d965ccfc6d4b" outcome="Passed" testListId="8c84fa94-04c1-424b-9868-57a2d4851a1d" relativeResultsDirectory="69abaee4-1e25-4e2e-9a6a-6d76578e0871">
    </UnitTestResult>
    <UnitTestResult executionId="d3b863cd-c29a-48ff-84ef-64d57e1989fc" testId="ce2519ba-e438-1fd4-7591-ed700a19e8a2" testName="ExcecaoBuscaModuloInexistente" computerName="THAIS-PC" duration="00:00:01.5329906" startTime="2012-10-31T17:00:18.7828143-02:00" endTime="2012-10-31T17:00:20.3209023-02:00" testType="13cdc9d9-ddb5-4fa4-a97d-d965ccfc6d4b" outcome="Passed" testListId="8c84fa94-04c1-424b-9868-57a2d4851a1d" relativeResultsDirectory="d3b863cd-c29a-48ff-84ef-64d57e1989fc">
    </UnitTestResult>
    <UnitTestResult executionId="b5325a1a-eeac-4e7a-8c48-ba7786041523" testId="eb9a1d01-bd39-9b45-dc63-85730985768f" testName="CicloVidaModulo" computerName="THAIS-PC" duration="00:00:01.2880452" startTime="2012-10-31T17:00:20.3309028-02:00" endTime="2012-10-31T17:00:21.6239768-02:00" testType="13cdc9d9-ddb5-4fa4-a97d-d965ccfc6d4b" outcome="Failed" testListId="8c84fa94-04c1-424b-9868-57a2d4851a1d" relativeResultsDirectory="b5325a1a-eeac-4e7a-8c48-ba7786041523">
      <Output>
        <ErrorInfo>
          <Message>Test method Rastreabilidade.Tests.Model.MongoRepositoryTest.CicloVidaModulo threw exception: 
System.InvalidCastException: Não é possível converter um objeto do tipo 'System.Collections.Generic.List`1[Rastreabilidade.Entidades.Tabela]' no tipo 'Rastreabilidade.Entidades.Modulo'.</Message>
          <StackTrace>    em Rastreabilidade.Persistence.Mongo.MongoRepository`1.Delete(Object key) na C:\ingresso\Rastreabilidade\workspace\Rastreabilidade.Persistence.Mongo\MongoRepository.cs:linha 87
   em Rastreabilidade.Tests.Model.MongoRepositoryTest.CicloVidaModulo() na C:\ingresso\Rastreabilidade\workspace\Rastreabilidade.Tests\Model\MongoRepositoryTest.cs:linha 63
</StackTrace>
        </ErrorInfo>
      </Output>
    </UnitTestResult>
    <UnitTestResult executionId="a6f3bfa0-ba9a-4055-88ec-adcbd3c5b00a" testId="f00948c6-5430-a8f8-cf48-5025af01f9e9" testName="SaveModulo" computerName="THAIS-PC" duration="00:00:39.3886231" startTime="2012-10-31T17:00:21.6379776-02:00" endTime="2012-10-31T17:01:01.0332309-02:00" testType="13cdc9d9-ddb5-4fa4-a97d-d965ccfc6d4b" outcome="Failed" testListId="8c84fa94-04c1-424b-9868-57a2d4851a1d" relativeResultsDirectory="a6f3bfa0-ba9a-4055-88ec-adcbd3c5b00a">
      <Output>
        <ErrorInfo>
          <Message>Test method Rastreabilidade.Tests.Controllers.ModuloControllerTest.SaveModulo threw exception: 
System.NullReferenceException: Referência de objeto não definida para uma instância de um objeto.</Message>
          <StackTrace>    em Rastreabilidade.Tests.Controllers.ModuloControllerTest.SaveModulo() na C:\ingresso\Rastreabilidade\workspace\Rastreabilidade.Tests\Controllers\ModuloControllerTest.cs:linha 45
</StackTrace>
        </ErrorInfo>
      </Output>
    </UnitTestResult>
  </Results>
</TestRun>