<?xml version="1.0" encoding="UTF-8"?>
<TestRun id="3f72a559-e1ca-41fe-a83e-4c2379de6103" name="Thais@THAIS-PC 2012-10-09 18:34:48" runUser="Thais-PC\Thais" xmlns="http://microsoft.com/schemas/VisualStudio/TeamTest/2010">
  <TestSettings name="Default Test Settings" id="9b98ec4a-4490-4bef-ac08-dae769816787">
    <Deployment runDeploymentRoot="Thais_THAIS-PC 2012-10-09 18_34_48">
      <DeploymentItem filename="C:\ingresso\Rastreabilidade\workspace\Rastreabilidade.Entidades\bin\Debug\Rastreabilidade.Entidades.dll" />
      <DeploymentItem filename="C:\ingresso\Rastreabilidade\workspace\Rastreabilidade\bin\Rastreabilidade.dll" />
    </Deployment>
    <Execution>
      <TestTypeSpecific />
      <AgentRule name="Execution Agents">
      </AgentRule>
    </Execution>
  </TestSettings>
  <Times creation="2012-10-09T18:34:48.7683115-03:00" queuing="2012-10-09T18:34:51.2825714-03:00" start="2012-10-09T18:34:51.5241843-03:00" finish="2012-10-09T18:34:57.4984562-03:00" />
  <ResultSummary outcome="Completed">
    <Counters total="4" executed="4" passed="4" error="0" failed="0" timeout="0" aborted="0" inconclusive="0" passedButRunAborted="0" notRunnable="0" notExecuted="0" disconnected="0" warning="0" completed="0" inProgress="0" pending="0" />
  </ResultSummary>
  <TestDefinitions>
    <UnitTest name="RepositorioRetornaNomeAtributoChave" storage="c:\ingresso\rastreabilidade\workspace\rastreabilidade.tests\bin\debug\rastreabilidade.tests.dll" id="ac9456df-b644-598b-d918-1c72a7128348">
      <Execution id="48f281fd-590f-453b-bb0b-094076be9cf3" />
      <TestMethod codeBase="C:/ingresso/Rastreabilidade/workspace/Rastreabilidade.Tests/bin/Debug/Rastreabilidade.Tests.DLL" adapterTypeName="Microsoft.VisualStudio.TestTools.TestTypes.Unit.UnitTestAdapter, Microsoft.VisualStudio.QualityTools.Tips.UnitTest.Adapter, Version=10.0.0.0, Culture=neutral, PublicKeyToken=b03f5f7f11d50a3a" className="Rastreabilidade.Tests.Model.ConfiguracaoRepositorio, Rastreabilidade.Tests, Version=1.0.0.0, Culture=neutral, PublicKeyToken=null" name="RepositorioRetornaNomeAtributoChave" />
    </UnitTest>
    <UnitTest name="RepositorioRetornaValorAtributoChave" storage="c:\ingresso\rastreabilidade\workspace\rastreabilidade.tests\bin\debug\rastreabilidade.tests.dll" id="89c72902-675d-00a3-d254-db3d49f4c0da">
      <Execution id="09f0f6dd-83da-44bd-b6c2-21b328524a5f" />
      <TestMethod codeBase="C:/ingresso/Rastreabilidade/workspace/Rastreabilidade.Tests/bin/Debug/Rastreabilidade.Tests.DLL" adapterTypeName="Microsoft.VisualStudio.TestTools.TestTypes.Unit.UnitTestAdapter, Microsoft.VisualStudio.QualityTools.Tips.UnitTest.Adapter, Version=10.0.0.0, Culture=neutral, PublicKeyToken=b03f5f7f11d50a3a" className="Rastreabilidade.Tests.Model.ConfiguracaoRepositorio, Rastreabilidade.Tests, Version=1.0.0.0, Culture=neutral, PublicKeyToken=null" name="RepositorioRetornaValorAtributoChave" />
    </UnitTest>
    <UnitTest name="ExcecaoSobrescritaConfiguracao" storage="c:\ingresso\rastreabilidade\workspace\rastreabilidade.tests\bin\debug\rastreabilidade.tests.dll" id="dbd8e01c-61bc-a1ff-d044-d5c926b12944">
      <Execution id="0e1f138c-569e-44c0-bfd9-3cce6f11dc80" />
      <TestMethod codeBase="C:/ingresso/Rastreabilidade/workspace/Rastreabilidade.Tests/bin/Debug/Rastreabilidade.Tests.DLL" adapterTypeName="Microsoft.VisualStudio.TestTools.TestTypes.Unit.UnitTestAdapter, Microsoft.VisualStudio.QualityTools.Tips.UnitTest.Adapter, Version=10.0.0.0, Culture=neutral, PublicKeyToken=b03f5f7f11d50a3a" className="Rastreabilidade.Tests.Model.ConfiguracaoRepositorio, Rastreabilidade.Tests, Version=1.0.0.0, Culture=neutral, PublicKeyToken=null" name="ExcecaoSobrescritaConfiguracao" />
    </UnitTest>
    <UnitTest name="SlugPreenchidoNoSetterDoNome" storage="c:\ingresso\rastreabilidade\workspace\rastreabilidade.tests\bin\debug\rastreabilidade.tests.dll" id="c2018b26-d1ca-aa30-8dda-dc026f4f9eed">
      <Execution id="0c6e2a64-a2ea-4f6c-8537-70c4a4b75bc4" />
      <TestMethod codeBase="C:/ingresso/Rastreabilidade/workspace/Rastreabilidade.Tests/bin/Debug/Rastreabilidade.Tests.DLL" adapterTypeName="Microsoft.VisualStudio.TestTools.TestTypes.Unit.UnitTestAdapter, Microsoft.VisualStudio.QualityTools.Tips.UnitTest.Adapter, Version=10.0.0.0, Culture=neutral, PublicKeyToken=b03f5f7f11d50a3a" className="Rastreabilidade.Tests.Model.ValidacaoDeDadosTest, Rastreabilidade.Tests, Version=1.0.0.0, Culture=neutral, PublicKeyToken=null" name="SlugPreenchidoNoSetterDoNome" />
    </UnitTest>
  </TestDefinitions>
  <TestLists>
    <TestList name="Results Not in a List" id="8c84fa94-04c1-424b-9868-57a2d4851a1d" />
    <TestList name="All Loaded Results" id="19431567-8539-422a-85d7-44ee4e166bda" />
  </TestLists>
  <TestEntries>
    <TestEntry testId="c2018b26-d1ca-aa30-8dda-dc026f4f9eed" executionId="0c6e2a64-a2ea-4f6c-8537-70c4a4b75bc4" testListId="8c84fa94-04c1-424b-9868-57a2d4851a1d" />
    <TestEntry testId="ac9456df-b644-598b-d918-1c72a7128348" executionId="48f281fd-590f-453b-bb0b-094076be9cf3" testListId="8c84fa94-04c1-424b-9868-57a2d4851a1d" />
    <TestEntry testId="89c72902-675d-00a3-d254-db3d49f4c0da" executionId="09f0f6dd-83da-44bd-b6c2-21b328524a5f" testListId="8c84fa94-04c1-424b-9868-57a2d4851a1d" />
    <TestEntry testId="dbd8e01c-61bc-a1ff-d044-d5c926b12944" executionId="0e1f138c-569e-44c0-bfd9-3cce6f11dc80" testListId="8c84fa94-04c1-424b-9868-57a2d4851a1d" />
  </TestEntries>
  <Results>
    <UnitTestResult executionId="0c6e2a64-a2ea-4f6c-8537-70c4a4b75bc4" testId="c2018b26-d1ca-aa30-8dda-dc026f4f9eed" testName="SlugPreenchidoNoSetterDoNome" computerName="THAIS-PC" duration="00:00:00.0880775" startTime="2012-10-09T18:34:51.8012002-03:00" endTime="2012-10-09T18:34:52.9538436-03:00" testType="13cdc9d9-ddb5-4fa4-a97d-d965ccfc6d4b" outcome="Passed" testListId="8c84fa94-04c1-424b-9868-57a2d4851a1d" relativeResultsDirectory="0c6e2a64-a2ea-4f6c-8537-70c4a4b75bc4">
    </UnitTestResult>
    <UnitTestResult executionId="48f281fd-590f-453b-bb0b-094076be9cf3" testId="ac9456df-b644-598b-d918-1c72a7128348" testName="RepositorioRetornaNomeAtributoChave" computerName="THAIS-PC" duration="00:00:00.0051592" startTime="2012-10-09T18:34:52.9808452-03:00" endTime="2012-10-09T18:34:52.9938459-03:00" testType="13cdc9d9-ddb5-4fa4-a97d-d965ccfc6d4b" outcome="Passed" testListId="8c84fa94-04c1-424b-9868-57a2d4851a1d" relativeResultsDirectory="48f281fd-590f-453b-bb0b-094076be9cf3">
    </UnitTestResult>
    <UnitTestResult executionId="09f0f6dd-83da-44bd-b6c2-21b328524a5f" testId="89c72902-675d-00a3-d254-db3d49f4c0da" testName="RepositorioRetornaValorAtributoChave" computerName="THAIS-PC" duration="00:00:00.0067020" startTime="2012-10-09T18:34:53.0068466-03:00" endTime="2012-10-09T18:34:53.0188473-03:00" testType="13cdc9d9-ddb5-4fa4-a97d-d965ccfc6d4b" outcome="Passed" testListId="8c84fa94-04c1-424b-9868-57a2d4851a1d" relativeResultsDirectory="09f0f6dd-83da-44bd-b6c2-21b328524a5f">
    </UnitTestResult>
    <UnitTestResult executionId="0e1f138c-569e-44c0-bfd9-3cce6f11dc80" testId="dbd8e01c-61bc-a1ff-d044-d5c926b12944" testName="ExcecaoSobrescritaConfiguracao" computerName="THAIS-PC" duration="00:00:04.3192294" startTime="2012-10-09T18:34:53.0248477-03:00" endTime="2012-10-09T18:34:57.3736560-03:00" testType="13cdc9d9-ddb5-4fa4-a97d-d965ccfc6d4b" outcome="Passed" testListId="8c84fa94-04c1-424b-9868-57a2d4851a1d" relativeResultsDirectory="0e1f138c-569e-44c0-bfd9-3cce6f11dc80">
    </UnitTestResult>
  </Results>
</TestRun>