<?xml version="1.0" encoding="UTF-8"?>
<TestRun id="54771a2e-6df4-4a0b-acba-398ce2c85c5a" name="Thais@THAIS-PC 2012-10-31 16:12:27" runUser="Thais-PC\Thais" xmlns="http://microsoft.com/schemas/VisualStudio/TeamTest/2010">
  <TestSettings name="Default Test Settings" id="359b09ad-9d11-4838-972a-69d1f6aff601">
    <Deployment runDeploymentRoot="Thais_THAIS-PC 2012-10-31 16_12_27">
      <DeploymentItem filename="C:\ingresso\Rastreabilidade\lib\log4net.dll" />
      <DeploymentItem filename="C:\ingresso\Rastreabilidade\workspace\Rastreabilidade\bin\Rastreabilidade.dll" />
      <DeploymentItem filename="C:\ingresso\Rastreabilidade\workspace\Rastreabilidade.Persistence.Mongo\bin\Debug\Rastreabilidade.Persistence.Mongo.dll" />
      <DeploymentItem filename="C:\ingresso\Rastreabilidade\workspace\Rastreabilidade.Entidades\bin\Debug\Rastreabilidade.Entidades.dll" />
    </Deployment>
    <Execution>
      <TestTypeSpecific />
      <AgentRule name="Execution Agents">
      </AgentRule>
    </Execution>
  </TestSettings>
  <Times creation="2012-10-31T16:12:27.0615612-02:00" queuing="2012-10-31T16:12:33.2179134-02:00" start="2012-10-31T16:12:33.4449264-02:00" finish="2012-10-31T16:14:24.0112504-02:00" />
  <ResultSummary outcome="Failed">
    <Counters total="10" executed="10" passed="9" error="0" failed="1" timeout="0" aborted="0" inconclusive="0" passedButRunAborted="0" notRunnable="0" notExecuted="0" disconnected="0" warning="0" completed="0" inProgress="0" pending="0" />
  </ResultSummary>
  <TestDefinitions>
    <UnitTest name="ExecutaBusca" storage="c:\ingresso\rastreabilidade\workspace\rastreabilidade.tests\bin\debug\rastreabilidade.tests.dll" id="7b53d40b-0422-5972-0072-a4ab7414fe73">
      <Execution id="2b3e8ec6-c48a-418f-9736-89af4913dee5" />
      <TestMethod codeBase="C:/ingresso/Rastreabilidade/workspace/Rastreabilidade.Tests/bin/Debug/Rastreabilidade.Tests.DLL" adapterTypeName="Microsoft.VisualStudio.TestTools.TestTypes.Unit.UnitTestAdapter, Microsoft.VisualStudio.QualityTools.Tips.UnitTest.Adapter, Version=10.0.0.0, Culture=neutral, PublicKeyToken=b03f5f7f11d50a3a" className="Rastreabilidade.Tests.Controllers.BuscaControllerTest, Rastreabilidade.Tests, Version=1.0.0.0, Culture=neutral, PublicKeyToken=null" name="ExecutaBusca" />
    </UnitTest>
    <UnitTest name="SalvandoEntidadeSemChave" storage="c:\ingresso\rastreabilidade\workspace\rastreabilidade.tests\bin\debug\rastreabilidade.tests.dll" id="18e043c0-d611-5ffb-718e-fd8f9df60aa2">
      <Execution id="b4cf9010-1b2f-4ddc-ac40-eac9aaeea542" />
      <TestMethod codeBase="C:/ingresso/Rastreabilidade/workspace/Rastreabilidade.Tests/bin/Debug/Rastreabilidade.Tests.DLL" adapterTypeName="Microsoft.VisualStudio.TestTools.TestTypes.Unit.UnitTestAdapter, Microsoft.VisualStudio.QualityTools.Tips.UnitTest.Adapter, Version=10.0.0.0, Culture=neutral, PublicKeyToken=b03f5f7f11d50a3a" className="Rastreabilidade.Tests.Model.MongoRepositoryTest, Rastreabilidade.Tests, Version=1.0.0.0, Culture=neutral, PublicKeyToken=null" name="SalvandoEntidadeSemChave" />
    </UnitTest>
    <UnitTest name="CicloVidaModulo" storage="c:\ingresso\rastreabilidade\workspace\rastreabilidade.tests\bin\debug\rastreabilidade.tests.dll" id="eb9a1d01-bd39-9b45-dc63-85730985768f">
      <Execution id="6af64530-3dd3-43ad-a324-b68b289b7f97" />
      <TestMethod codeBase="C:/ingresso/Rastreabilidade/workspace/Rastreabilidade.Tests/bin/Debug/Rastreabilidade.Tests.DLL" adapterTypeName="Microsoft.VisualStudio.TestTools.TestTypes.Unit.UnitTestAdapter, Microsoft.VisualStudio.QualityTools.Tips.UnitTest.Adapter, Version=10.0.0.0, Culture=neutral, PublicKeyToken=b03f5f7f11d50a3a" className="Rastreabilidade.Tests.Model.MongoRepositoryTest, Rastreabilidade.Tests, Version=1.0.0.0, Culture=neutral, PublicKeyToken=null" name="CicloVidaModulo" />
    </UnitTest>
    <UnitTest name="ExcecaoBuscaModuloInexistente" storage="c:\ingresso\rastreabilidade\workspace\rastreabilidade.tests\bin\debug\rastreabilidade.tests.dll" id="ce2519ba-e438-1fd4-7591-ed700a19e8a2">
      <Execution id="b7edaf98-bf3a-4143-b749-516eabceec82" />
      <TestMethod codeBase="C:/ingresso/Rastreabilidade/workspace/Rastreabilidade.Tests/bin/Debug/Rastreabilidade.Tests.DLL" adapterTypeName="Microsoft.VisualStudio.TestTools.TestTypes.Unit.UnitTestAdapter, Microsoft.VisualStudio.QualityTools.Tips.UnitTest.Adapter, Version=10.0.0.0, Culture=neutral, PublicKeyToken=b03f5f7f11d50a3a" className="Rastreabilidade.Tests.Model.MongoRepositoryTest, Rastreabilidade.Tests, Version=1.0.0.0, Culture=neutral, PublicKeyToken=null" name="ExcecaoBuscaModuloInexistente" />
    </UnitTest>
    <UnitTest name="SaveModulo" storage="c:\ingresso\rastreabilidade\workspace\rastreabilidade.tests\bin\debug\rastreabilidade.tests.dll" id="f00948c6-5430-a8f8-cf48-5025af01f9e9">
      <Execution id="475e6678-875a-4509-92bf-81ed45d6f6dd" />
      <TestMethod codeBase="C:/ingresso/Rastreabilidade/workspace/Rastreabilidade.Tests/bin/Debug/Rastreabilidade.Tests.DLL" adapterTypeName="Microsoft.VisualStudio.TestTools.TestTypes.Unit.UnitTestAdapter, Microsoft.VisualStudio.QualityTools.Tips.UnitTest.Adapter, Version=10.0.0.0, Culture=neutral, PublicKeyToken=b03f5f7f11d50a3a" className="Rastreabilidade.Tests.Controllers.ModuloControllerTest, Rastreabilidade.Tests, Version=1.0.0.0, Culture=neutral, PublicKeyToken=null" name="SaveModulo" />
    </UnitTest>
    <UnitTest name="SaveEmptyUseCase" storage="c:\ingresso\rastreabilidade\workspace\rastreabilidade.tests\bin\debug\rastreabilidade.tests.dll" id="994395ad-27b7-3a25-b7bc-d557f9784db2">
      <Execution id="ff316926-64e6-42f4-8ec1-1339ade0a330" />
      <TestMethod codeBase="C:/ingresso/Rastreabilidade/workspace/Rastreabilidade.Tests/bin/Debug/Rastreabilidade.Tests.DLL" adapterTypeName="Microsoft.VisualStudio.TestTools.TestTypes.Unit.UnitTestAdapter, Microsoft.VisualStudio.QualityTools.Tips.UnitTest.Adapter, Version=10.0.0.0, Culture=neutral, PublicKeyToken=b03f5f7f11d50a3a" className="Rastreabilidade.Tests.Controllers.CasoUsoControllerTest, Rastreabilidade.Tests, Version=1.0.0.0, Culture=neutral, PublicKeyToken=null" name="SaveEmptyUseCase" />
    </UnitTest>
    <UnitTest name="SlugPreenchidoNoSetterDoNome" storage="c:\ingresso\rastreabilidade\workspace\rastreabilidade.tests\bin\debug\rastreabilidade.tests.dll" id="c2018b26-d1ca-aa30-8dda-dc026f4f9eed">
      <Execution id="3e0f4102-7342-466d-b2d9-8f5e164b6b00" />
      <TestMethod codeBase="C:/ingresso/Rastreabilidade/workspace/Rastreabilidade.Tests/bin/Debug/Rastreabilidade.Tests.DLL" adapterTypeName="Microsoft.VisualStudio.TestTools.TestTypes.Unit.UnitTestAdapter, Microsoft.VisualStudio.QualityTools.Tips.UnitTest.Adapter, Version=10.0.0.0, Culture=neutral, PublicKeyToken=b03f5f7f11d50a3a" className="Rastreabilidade.Tests.Model.ValidacaoDeDadosTest, Rastreabilidade.Tests, Version=1.0.0.0, Culture=neutral, PublicKeyToken=null" name="SlugPreenchidoNoSetterDoNome" />
    </UnitTest>
    <UnitTest name="GetCasoUso" storage="c:\ingresso\rastreabilidade\workspace\rastreabilidade.tests\bin\debug\rastreabilidade.tests.dll" id="9f523e3a-b979-899a-5d38-ac739d0d9b54">
      <Execution id="f381aee0-be5f-48e7-bd49-facd3aedf081" />
      <TestMethod codeBase="C:/ingresso/Rastreabilidade/workspace/Rastreabilidade.Tests/bin/Debug/Rastreabilidade.Tests.DLL" adapterTypeName="Microsoft.VisualStudio.TestTools.TestTypes.Unit.UnitTestAdapter, Microsoft.VisualStudio.QualityTools.Tips.UnitTest.Adapter, Version=10.0.0.0, Culture=neutral, PublicKeyToken=b03f5f7f11d50a3a" className="Rastreabilidade.Tests.Controllers.CasoUsoControllerTest, Rastreabilidade.Tests, Version=1.0.0.0, Culture=neutral, PublicKeyToken=null" name="GetCasoUso" />
    </UnitTest>
    <UnitTest name="SaveUseCase" storage="c:\ingresso\rastreabilidade\workspace\rastreabilidade.tests\bin\debug\rastreabilidade.tests.dll" id="3f957e4c-c763-bf61-75b2-959bd5b466d6">
      <Execution id="fb1064dd-d24b-4e20-81dc-147e57582d2a" />
      <TestMethod codeBase="C:/ingresso/Rastreabilidade/workspace/Rastreabilidade.Tests/bin/Debug/Rastreabilidade.Tests.DLL" adapterTypeName="Microsoft.VisualStudio.TestTools.TestTypes.Unit.UnitTestAdapter, Microsoft.VisualStudio.QualityTools.Tips.UnitTest.Adapter, Version=10.0.0.0, Culture=neutral, PublicKeyToken=b03f5f7f11d50a3a" className="Rastreabilidade.Tests.Controllers.CasoUsoControllerTest, Rastreabilidade.Tests, Version=1.0.0.0, Culture=neutral, PublicKeyToken=null" name="SaveUseCase" />
    </UnitTest>
    <UnitTest name="GetModulo" storage="c:\ingresso\rastreabilidade\workspace\rastreabilidade.tests\bin\debug\rastreabilidade.tests.dll" id="89cae443-5252-a3e8-a403-30c905e0cff8">
      <Execution id="77ee91dc-b69a-4fdd-9072-2fe8964c6162" />
      <TestMethod codeBase="C:/ingresso/Rastreabilidade/workspace/Rastreabilidade.Tests/bin/Debug/Rastreabilidade.Tests.DLL" adapterTypeName="Microsoft.VisualStudio.TestTools.TestTypes.Unit.UnitTestAdapter, Microsoft.VisualStudio.QualityTools.Tips.UnitTest.Adapter, Version=10.0.0.0, Culture=neutral, PublicKeyToken=b03f5f7f11d50a3a" className="Rastreabilidade.Tests.Controllers.ModuloControllerTest, Rastreabilidade.Tests, Version=1.0.0.0, Culture=neutral, PublicKeyToken=null" name="GetModulo" />
    </UnitTest>
  </TestDefinitions>
  <TestLists>
    <TestList name="Results Not in a List" id="8c84fa94-04c1-424b-9868-57a2d4851a1d" />
    <TestList name="All Loaded Results" id="19431567-8539-422a-85d7-44ee4e166bda" />
  </TestLists>
  <TestEntries>
    <TestEntry testId="c2018b26-d1ca-aa30-8dda-dc026f4f9eed" executionId="3e0f4102-7342-466d-b2d9-8f5e164b6b00" testListId="8c84fa94-04c1-424b-9868-57a2d4851a1d" />
    <TestEntry testId="89cae443-5252-a3e8-a403-30c905e0cff8" executionId="77ee91dc-b69a-4fdd-9072-2fe8964c6162" testListId="8c84fa94-04c1-424b-9868-57a2d4851a1d" />
    <TestEntry testId="9f523e3a-b979-899a-5d38-ac739d0d9b54" executionId="f381aee0-be5f-48e7-bd49-facd3aedf081" testListId="8c84fa94-04c1-424b-9868-57a2d4851a1d" />
    <TestEntry testId="3f957e4c-c763-bf61-75b2-959bd5b466d6" executionId="fb1064dd-d24b-4e20-81dc-147e57582d2a" testListId="8c84fa94-04c1-424b-9868-57a2d4851a1d" />
    <TestEntry testId="994395ad-27b7-3a25-b7bc-d557f9784db2" executionId="ff316926-64e6-42f4-8ec1-1339ade0a330" testListId="8c84fa94-04c1-424b-9868-57a2d4851a1d" />
    <TestEntry testId="7b53d40b-0422-5972-0072-a4ab7414fe73" executionId="2b3e8ec6-c48a-418f-9736-89af4913dee5" testListId="8c84fa94-04c1-424b-9868-57a2d4851a1d" />
    <TestEntry testId="eb9a1d01-bd39-9b45-dc63-85730985768f" executionId="6af64530-3dd3-43ad-a324-b68b289b7f97" testListId="8c84fa94-04c1-424b-9868-57a2d4851a1d" />
    <TestEntry testId="ce2519ba-e438-1fd4-7591-ed700a19e8a2" executionId="b7edaf98-bf3a-4143-b749-516eabceec82" testListId="8c84fa94-04c1-424b-9868-57a2d4851a1d" />
    <TestEntry testId="18e043c0-d611-5ffb-718e-fd8f9df60aa2" executionId="b4cf9010-1b2f-4ddc-ac40-eac9aaeea542" testListId="8c84fa94-04c1-424b-9868-57a2d4851a1d" />
    <TestEntry testId="f00948c6-5430-a8f8-cf48-5025af01f9e9" executionId="475e6678-875a-4509-92bf-81ed45d6f6dd" testListId="8c84fa94-04c1-424b-9868-57a2d4851a1d" />
  </TestEntries>
  <Results>
    <UnitTestResult executionId="3e0f4102-7342-466d-b2d9-8f5e164b6b00" testId="c2018b26-d1ca-aa30-8dda-dc026f4f9eed" testName="SlugPreenchidoNoSetterDoNome" computerName="THAIS-PC" duration="00:00:00.0209132" startTime="2012-10-31T16:12:33.7189420-02:00" endTime="2012-10-31T16:12:34.7920034-02:00" testType="13cdc9d9-ddb5-4fa4-a97d-d965ccfc6d4b" outcome="Passed" testListId="8c84fa94-04c1-424b-9868-57a2d4851a1d" relativeResultsDirectory="3e0f4102-7342-466d-b2d9-8f5e164b6b00">
    </UnitTestResult>
    <UnitTestResult executionId="77ee91dc-b69a-4fdd-9072-2fe8964c6162" testId="89cae443-5252-a3e8-a403-30c905e0cff8" testName="GetModulo" computerName="THAIS-PC" duration="00:01:44.2357048" startTime="2012-10-31T16:12:34.8020040-02:00" endTime="2012-10-31T16:14:19.0469664-02:00" testType="13cdc9d9-ddb5-4fa4-a97d-d965ccfc6d4b" outcome="Passed" testListId="8c84fa94-04c1-424b-9868-57a2d4851a1d" relativeResultsDirectory="77ee91dc-b69a-4fdd-9072-2fe8964c6162">
      <Output>
        <StdErr>log4net:ERROR Failed to initialize configuration file watcher for file [C:\ingresso\Rastreabilidade\workspace\TestResults\Thais_THAIS-PC 2012-10-31 16_12_27\Out\Config\Log.config]
System.ArgumentException: O nome de diretório C:\ingresso\Rastreabilidade\workspace\TestResults\Thais_THAIS-PC 2012-10-31 16_12_27\Out\Config é inválido.
   em System.IO.FileSystemWatcher.set_Path(String value)
   em log4net.Config.XmlConfigurator.ConfigureAndWatchHandler..ctor(ILoggerRepository repository, FileInfo configFile)
   em log4net.Config.XmlConfigurator.InternalConfigureAndWatch(ILoggerRepository repository, FileInfo configFile)</StdErr>
        <DebugTrace>log4net:ERROR Failed to initialize configuration file watcher for file [C:\ingresso\Rastreabilidade\workspace\TestResults\Thais_THAIS-PC 2012-10-31 16_12_27\Out\Config\Log.config]
System.ArgumentException: O nome de diretório C:\ingresso\Rastreabilidade\workspace\TestResults\Thais_THAIS-PC 2012-10-31 16_12_27\Out\Config é inválido.
   em System.IO.FileSystemWatcher.set_Path(String value)
   em log4net.Config.XmlConfigurator.ConfigureAndWatchHandler..ctor(ILoggerRepository repository, FileInfo configFile)
   em log4net.Config.XmlConfigurator.InternalConfigureAndWatch(ILoggerRepository repository, FileInfo configFile)
</DebugTrace>
      </Output>
    </UnitTestResult>
    <UnitTestResult executionId="f381aee0-be5f-48e7-bd49-facd3aedf081" testId="9f523e3a-b979-899a-5d38-ac739d0d9b54" testName="GetCasoUso" computerName="THAIS-PC" duration="00:00:00.0124429" startTime="2012-10-31T16:14:19.0719679-02:00" endTime="2012-10-31T16:14:19.0959692-02:00" testType="13cdc9d9-ddb5-4fa4-a97d-d965ccfc6d4b" outcome="Passed" testListId="8c84fa94-04c1-424b-9868-57a2d4851a1d" relativeResultsDirectory="f381aee0-be5f-48e7-bd49-facd3aedf081">
    </UnitTestResult>
    <UnitTestResult executionId="fb1064dd-d24b-4e20-81dc-147e57582d2a" testId="3f957e4c-c763-bf61-75b2-959bd5b466d6" testName="SaveUseCase" computerName="THAIS-PC" duration="00:00:00.0798832" startTime="2012-10-31T16:14:19.1039697-02:00" endTime="2012-10-31T16:14:19.1909747-02:00" testType="13cdc9d9-ddb5-4fa4-a97d-d965ccfc6d4b" outcome="Passed" testListId="8c84fa94-04c1-424b-9868-57a2d4851a1d" relativeResultsDirectory="fb1064dd-d24b-4e20-81dc-147e57582d2a">
    </UnitTestResult>
    <UnitTestResult executionId="ff316926-64e6-42f4-8ec1-1339ade0a330" testId="994395ad-27b7-3a25-b7bc-d557f9784db2" testName="SaveEmptyUseCase" computerName="THAIS-PC" duration="00:00:00.0212887" startTime="2012-10-31T16:14:19.1979751-02:00" endTime="2012-10-31T16:14:19.2249766-02:00" testType="13cdc9d9-ddb5-4fa4-a97d-d965ccfc6d4b" outcome="Passed" testListId="8c84fa94-04c1-424b-9868-57a2d4851a1d" relativeResultsDirectory="ff316926-64e6-42f4-8ec1-1339ade0a330">
    </UnitTestResult>
    <UnitTestResult executionId="2b3e8ec6-c48a-418f-9736-89af4913dee5" testId="7b53d40b-0422-5972-0072-a4ab7414fe73" testName="ExecutaBusca" computerName="THAIS-PC" duration="00:00:00.0043756" startTime="2012-10-31T16:14:19.2329771-02:00" endTime="2012-10-31T16:14:19.2449778-02:00" testType="13cdc9d9-ddb5-4fa4-a97d-d965ccfc6d4b" outcome="Passed" testListId="8c84fa94-04c1-424b-9868-57a2d4851a1d" relativeResultsDirectory="2b3e8ec6-c48a-418f-9736-89af4913dee5">
    </UnitTestResult>
    <UnitTestResult executionId="6af64530-3dd3-43ad-a324-b68b289b7f97" testId="eb9a1d01-bd39-9b45-dc63-85730985768f" testName="CicloVidaModulo" computerName="THAIS-PC" duration="00:00:02.9331110" startTime="2012-10-31T16:14:19.2529782-02:00" endTime="2012-10-31T16:14:22.1951465-02:00" testType="13cdc9d9-ddb5-4fa4-a97d-d965ccfc6d4b" outcome="Failed" testListId="8c84fa94-04c1-424b-9868-57a2d4851a1d" relativeResultsDirectory="6af64530-3dd3-43ad-a324-b68b289b7f97">
      <Output>
        <ErrorInfo>
          <Message>Test method Rastreabilidade.Tests.Model.MongoRepositoryTest.CicloVidaModulo threw exception: 
System.InvalidCastException: Não é possível converter um objeto do tipo 'System.Collections.Generic.List`1[Rastreabilidade.Entidades.Tabela]' no tipo 'Rastreabilidade.Entidades.Modulo'.</Message>
          <StackTrace>    em Rastreabilidade.Persistence.Mongo.MongoRepository`1.Delete(Object key) na C:\ingresso\Rastreabilidade\workspace\Rastreabilidade.Persistence.Mongo\MongoRepository.cs:linha 87
   em Rastreabilidade.Tests.Model.MongoRepositoryTest.CicloVidaModulo() na C:\ingresso\Rastreabilidade\workspace\Rastreabilidade.Tests\Model\MongoRepositoryTest.cs:linha 63
</StackTrace>
        </ErrorInfo>
      </Output>
    </UnitTestResult>
    <UnitTestResult executionId="b7edaf98-bf3a-4143-b749-516eabceec82" testId="ce2519ba-e438-1fd4-7591-ed700a19e8a2" testName="ExcecaoBuscaModuloInexistente" computerName="THAIS-PC" duration="00:00:00.7821526" startTime="2012-10-31T16:14:22.2071472-02:00" endTime="2012-10-31T16:14:22.9981924-02:00" testType="13cdc9d9-ddb5-4fa4-a97d-d965ccfc6d4b" outcome="Passed" testListId="8c84fa94-04c1-424b-9868-57a2d4851a1d" relativeResultsDirectory="b7edaf98-bf3a-4143-b749-516eabceec82">
    </UnitTestResult>
    <UnitTestResult executionId="b4cf9010-1b2f-4ddc-ac40-eac9aaeea542" testId="18e043c0-d611-5ffb-718e-fd8f9df60aa2" testName="SalvandoEntidadeSemChave" computerName="THAIS-PC" duration="00:00:00.8834636" startTime="2012-10-31T16:14:23.0121932-02:00" endTime="2012-10-31T16:14:23.9012441-02:00" testType="13cdc9d9-ddb5-4fa4-a97d-d965ccfc6d4b" outcome="Passed" testListId="8c84fa94-04c1-424b-9868-57a2d4851a1d" relativeResultsDirectory="b4cf9010-1b2f-4ddc-ac40-eac9aaeea542">
    </UnitTestResult>
    <UnitTestResult executionId="475e6678-875a-4509-92bf-81ed45d6f6dd" testId="f00948c6-5430-a8f8-cf48-5025af01f9e9" testName="SaveModulo" computerName="THAIS-PC" duration="00:00:00.0001856" startTime="2012-10-31T16:14:23.9162449-02:00" endTime="2012-10-31T16:14:23.9212452-02:00" testType="13cdc9d9-ddb5-4fa4-a97d-d965ccfc6d4b" outcome="Passed" testListId="8c84fa94-04c1-424b-9868-57a2d4851a1d" relativeResultsDirectory="475e6678-875a-4509-92bf-81ed45d6f6dd">
    </UnitTestResult>
  </Results>
</TestRun>