<?xml version="1.0" encoding="UTF-8"?>
<TestRun id="ed12a743-5a56-40e0-a49c-1b6c36f928d8" name="Thais@THAIS-PC 2012-10-09 11:51:05" runUser="Thais-PC\Thais" xmlns="http://microsoft.com/schemas/VisualStudio/TeamTest/2010">
  <TestSettings name="Default Test Settings" id="c84650fb-291b-429c-8cab-cb1042b31def">
    <Deployment runDeploymentRoot="Thais_THAIS-PC 2012-10-09 11_51_05">
      <DeploymentItem filename="C:\ingresso\Rastreabilidade\workspace\Rastreabilidade.Entidades\bin\Debug\Rastreabilidade.Entidades.dll" />
      <DeploymentItem filename="C:\ingresso\Rastreabilidade\workspace\Rastreabilidade\bin\Rastreabilidade.dll" />
    </Deployment>
    <Execution>
      <TestTypeSpecific />
      <AgentRule name="Execution Agents">
      </AgentRule>
    </Execution>
  </TestSettings>
  <Times creation="2012-10-09T11:51:05.7437455-03:00" queuing="2012-10-09T11:51:09.8309527-03:00" start="2012-10-09T11:51:09.9557529-03:00" finish="2012-10-09T11:51:20.3168828-03:00" />
  <ResultSummary outcome="Error">
    <Counters total="4" executed="4" passed="3" error="0" failed="0" timeout="0" aborted="1" inconclusive="0" passedButRunAborted="0" notRunnable="0" notExecuted="0" disconnected="0" warning="0" completed="0" inProgress="0" pending="0" />
    <RunInfos>
      <RunInfo computerName="THAIS-PC" outcome="Error" timestamp="2012-10-09T11:51:20.3168828-03:00">
        <Text>Test host process exited unexpectedly.</Text>
      </RunInfo>
    </RunInfos>
  </ResultSummary>
  <TestDefinitions>
    <UnitTest name="RepositorioRetornaNomeAtributoChave" storage="c:\ingresso\rastreabilidade\workspace\rastreabilidade.tests\bin\debug\rastreabilidade.tests.dll" id="ac9456df-b644-598b-d918-1c72a7128348">
      <Execution id="9a587ce7-6225-48f0-bc06-392e2b679669" />
      <TestMethod codeBase="C:/ingresso/Rastreabilidade/workspace/Rastreabilidade.Tests/bin/Debug/Rastreabilidade.Tests.DLL" adapterTypeName="Microsoft.VisualStudio.TestTools.TestTypes.Unit.UnitTestAdapter, Microsoft.VisualStudio.QualityTools.Tips.UnitTest.Adapter, Version=10.0.0.0, Culture=neutral, PublicKeyToken=b03f5f7f11d50a3a" className="Rastreabilidade.Tests.Model.ConfiguracaoRepositorio, Rastreabilidade.Tests, Version=1.0.0.0, Culture=neutral, PublicKeyToken=null" name="RepositorioRetornaNomeAtributoChave" />
    </UnitTest>
    <UnitTest name="RepositorioRetornaValorAtributoChave" storage="c:\ingresso\rastreabilidade\workspace\rastreabilidade.tests\bin\debug\rastreabilidade.tests.dll" id="89c72902-675d-00a3-d254-db3d49f4c0da">
      <Execution id="c6727417-b85a-40ed-8d5c-8bd6d8b86cfd" />
      <TestMethod codeBase="C:/ingresso/Rastreabilidade/workspace/Rastreabilidade.Tests/bin/Debug/Rastreabilidade.Tests.DLL" adapterTypeName="Microsoft.VisualStudio.TestTools.TestTypes.Unit.UnitTestAdapter, Microsoft.VisualStudio.QualityTools.Tips.UnitTest.Adapter, Version=10.0.0.0, Culture=neutral, PublicKeyToken=b03f5f7f11d50a3a" className="Rastreabilidade.Tests.Model.ConfiguracaoRepositorio, Rastreabilidade.Tests, Version=1.0.0.0, Culture=neutral, PublicKeyToken=null" name="RepositorioRetornaValorAtributoChave" />
    </UnitTest>
    <UnitTest name="ExcecaoSobrescritaConfiguracao" storage="c:\ingresso\rastreabilidade\workspace\rastreabilidade.tests\bin\debug\rastreabilidade.tests.dll" id="dbd8e01c-61bc-a1ff-d044-d5c926b12944">
      <Execution id="19a801c3-c6d2-46b4-8acb-5f9e17dc8dc1" />
      <TestMethod codeBase="C:/ingresso/Rastreabilidade/workspace/Rastreabilidade.Tests/bin/Debug/Rastreabilidade.Tests.DLL" adapterTypeName="Microsoft.VisualStudio.TestTools.TestTypes.Unit.UnitTestAdapter, Microsoft.VisualStudio.QualityTools.Tips.UnitTest.Adapter, Version=10.0.0.0, Culture=neutral, PublicKeyToken=b03f5f7f11d50a3a" className="Rastreabilidade.Tests.Model.ConfiguracaoRepositorio, Rastreabilidade.Tests, Version=1.0.0.0, Culture=neutral, PublicKeyToken=null" name="ExcecaoSobrescritaConfiguracao" />
    </UnitTest>
    <UnitTest name="SlugPreenchidoNoSetterDoNome" storage="c:\ingresso\rastreabilidade\workspace\rastreabilidade.tests\bin\debug\rastreabilidade.tests.dll" id="c2018b26-d1ca-aa30-8dda-dc026f4f9eed">
      <Execution id="59d52a5b-3c4e-4539-9cd2-6e6b03972798" />
      <TestMethod codeBase="C:/ingresso/Rastreabilidade/workspace/Rastreabilidade.Tests/bin/Debug/Rastreabilidade.Tests.DLL" adapterTypeName="Microsoft.VisualStudio.TestTools.TestTypes.Unit.UnitTestAdapter, Microsoft.VisualStudio.QualityTools.Tips.UnitTest.Adapter, Version=10.0.0.0, Culture=neutral, PublicKeyToken=b03f5f7f11d50a3a" className="Rastreabilidade.Tests.Model.ValidacaoDeDadosTest, Rastreabilidade.Tests, Version=1.0.0.0, Culture=neutral, PublicKeyToken=null" name="SlugPreenchidoNoSetterDoNome" />
    </UnitTest>
  </TestDefinitions>
  <TestLists>
    <TestList name="Results Not in a List" id="8c84fa94-04c1-424b-9868-57a2d4851a1d" />
    <TestList name="All Loaded Results" id="19431567-8539-422a-85d7-44ee4e166bda" />
  </TestLists>
  <TestEntries>
    <TestEntry testId="c2018b26-d1ca-aa30-8dda-dc026f4f9eed" executionId="59d52a5b-3c4e-4539-9cd2-6e6b03972798" testListId="8c84fa94-04c1-424b-9868-57a2d4851a1d" />
    <TestEntry testId="ac9456df-b644-598b-d918-1c72a7128348" executionId="9a587ce7-6225-48f0-bc06-392e2b679669" testListId="8c84fa94-04c1-424b-9868-57a2d4851a1d" />
    <TestEntry testId="89c72902-675d-00a3-d254-db3d49f4c0da" executionId="c6727417-b85a-40ed-8d5c-8bd6d8b86cfd" testListId="8c84fa94-04c1-424b-9868-57a2d4851a1d" />
    <TestEntry testId="dbd8e01c-61bc-a1ff-d044-d5c926b12944" executionId="19a801c3-c6d2-46b4-8acb-5f9e17dc8dc1" testListId="8c84fa94-04c1-424b-9868-57a2d4851a1d" />
  </TestEntries>
  <Results>
    <UnitTestResult executionId="59d52a5b-3c4e-4539-9cd2-6e6b03972798" testId="c2018b26-d1ca-aa30-8dda-dc026f4f9eed" testName="SlugPreenchidoNoSetterDoNome" computerName="THAIS-PC" duration="00:00:00.0756923" startTime="2012-10-09T11:51:10.0025530-03:00" endTime="2012-10-09T11:51:11.2193551-03:00" testType="13cdc9d9-ddb5-4fa4-a97d-d965ccfc6d4b" outcome="Passed" testListId="8c84fa94-04c1-424b-9868-57a2d4851a1d" relativeResultsDirectory="59d52a5b-3c4e-4539-9cd2-6e6b03972798">
    </UnitTestResult>
    <UnitTestResult executionId="9a587ce7-6225-48f0-bc06-392e2b679669" testId="ac9456df-b644-598b-d918-1c72a7128348" testName="RepositorioRetornaNomeAtributoChave" computerName="THAIS-PC" duration="00:00:00.0045570" startTime="2012-10-09T11:51:11.2349551-03:00" endTime="2012-10-09T11:51:11.2349551-03:00" testType="13cdc9d9-ddb5-4fa4-a97d-d965ccfc6d4b" outcome="Passed" testListId="8c84fa94-04c1-424b-9868-57a2d4851a1d" relativeResultsDirectory="9a587ce7-6225-48f0-bc06-392e2b679669">
    </UnitTestResult>
    <UnitTestResult executionId="c6727417-b85a-40ed-8d5c-8bd6d8b86cfd" testId="89c72902-675d-00a3-d254-db3d49f4c0da" testName="RepositorioRetornaValorAtributoChave" computerName="THAIS-PC" duration="00:00:00.0061733" startTime="2012-10-09T11:51:11.2505552-03:00" endTime="2012-10-09T11:51:11.2505552-03:00" testType="13cdc9d9-ddb5-4fa4-a97d-d965ccfc6d4b" outcome="Passed" testListId="8c84fa94-04c1-424b-9868-57a2d4851a1d" relativeResultsDirectory="c6727417-b85a-40ed-8d5c-8bd6d8b86cfd">
    </UnitTestResult>
    <UnitTestResult executionId="19a801c3-c6d2-46b4-8acb-5f9e17dc8dc1" testId="dbd8e01c-61bc-a1ff-d044-d5c926b12944" testName="ExcecaoSobrescritaConfiguracao" computerName="THAIS-PC" duration="00:00:09.0507276" startTime="2012-10-09T11:51:11.2661552-03:00" endTime="2012-10-09T11:51:20.3168828-03:00" testType="13cdc9d9-ddb5-4fa4-a97d-d965ccfc6d4b" outcome="Aborted" testListId="8c84fa94-04c1-424b-9868-57a2d4851a1d" relativeResultsDirectory="19a801c3-c6d2-46b4-8acb-5f9e17dc8dc1">
    </UnitTestResult>
  </Results>
</TestRun>